{"C:\\Users\\oscar.levin\\Documents\\dev\\pretext-plus-editor\\src\\assetKinds.ts": {"path":"C:\\Users\\oscar.levin\\Documents\\dev\\pretext-plus-editor\\src\\assetKinds.ts","statementMap":{"0":{"start":{"line":12,"column":27},"end":{"line":12,"column":null}},"1":{"start":{"line":15,"column":60},"end":{"line":18,"column":null}},"2":{"start":{"line":21,"column":37},"end":{"line":21,"column":null}},"3":{"start":{"line":28,"column":48},"end":{"line":30,"column":null}},"4":{"start":{"line":29,"column":12},"end":{"line":29,"column":null}}},"fnMap":{"0":{"name":"(anonymous_0)","decl":{"start":{"line":28,"column":64},"end":{"line":28,"column":null}},"loc":{"start":{"line":29,"column":12},"end":{"line":29,"column":null}},"line":29}},"branchMap":{"0":{"loc":{"start":{"line":29,"column":12},"end":{"line":29,"column":null}},"type":"binary-expr","locations":[{"start":{"line":29,"column":12},"end":{"line":29,"column":33}},{"start":{"line":29,"column":33},"end":{"line":29,"column":null}}],"line":29}},"s":{"0":0,"1":0,"2":0,"3":0,"4":0},"f":{"0":0},"b":{"0":[0,0]},"meta":{"lastBranch":1,"lastFunction":1,"lastStatement":5,"seen":{"s:12:27:12:Infinity":0,"s:15:60:18:Infinity":1,"s:21:37:21:Infinity":2,"s:28:48:30:Infinity":3,"f:28:64:28:Infinity":0,"s:29:12:29:Infinity":4,"b:29:12:29:33:29:33:29:Infinity":0},"fnNames":{}}}
,"C:\\Users\\oscar.levin\\Documents\\dev\\pretext-plus-editor\\src\\assetTransforms.ts": {"path":"C:\\Users\\oscar.levin\\Documents\\dev\\pretext-plus-editor\\src\\assetTransforms.ts","statementMap":{"0":{"start":{"line":16,"column":58},"end":{"line":24,"column":null}},"1":{"start":{"line":28,"column":15},"end":{"line":28,"column":null}},"2":{"start":{"line":29,"column":2},"end":{"line":29,"column":null}},"3":{"start":{"line":38,"column":2},"end":{"line":41,"column":null}},"4":{"start":{"line":67,"column":2},"end":{"line":69,"column":null}},"5":{"start":{"line":68,"column":4},"end":{"line":68,"column":null}},"6":{"start":{"line":70,"column":14},"end":{"line":70,"column":null}},"7":{"start":{"line":71,"column":21},"end":{"line":73,"column":null}},"8":{"start":{"line":74,"column":20},"end":{"line":74,"column":null}},"9":{"start":{"line":75,"column":16},"end":{"line":75,"column":null}},"10":{"start":{"line":76,"column":2},"end":{"line":78,"column":null}},"11":{"start":{"line":90,"column":16},"end":{"line":90,"column":null}},"12":{"start":{"line":91,"column":2},"end":{"line":93,"column":null}},"13":{"start":{"line":101,"column":60},"end":{"line":104,"column":null}},"14":{"start":{"line":107,"column":51},"end":{"line":109,"column":null}},"15":{"start":{"line":124,"column":16},"end":{"line":124,"column":null}},"16":{"start":{"line":124,"column":35},"end":{"line":124,"column":67}},"17":{"start":{"line":125,"column":2},"end":{"line":125,"column":null}},"18":{"start":{"line":125,"column":14},"end":{"line":125,"column":null}},"19":{"start":{"line":126,"column":2},"end":{"line":126,"column":null}}},"fnMap":{"0":{"name":"extensionOf","decl":{"start":{"line":27,"column":9},"end":{"line":27,"column":21}},"loc":{"start":{"line":27,"column":56},"end":{"line":30,"column":null}},"line":27},"1":{"name":"assetExtension","decl":{"start":{"line":37,"column":9},"end":{"line":37,"column":24}},"loc":{"start":{"line":37,"column":58},"end":{"line":43,"column":null}},"line":37},"2":{"name":"transformImageAsset","decl":{"start":{"line":66,"column":9},"end":{"line":66,"column":29}},"loc":{"start":{"line":66,"column":80},"end":{"line":79,"column":null}},"line":66},"3":{"name":"transformDoenetAsset","decl":{"start":{"line":89,"column":9},"end":{"line":89,"column":30}},"loc":{"start":{"line":89,"column":65},"end":{"line":94,"column":null}},"line":89},"4":{"name":"resolveAssetRef","decl":{"start":{"line":118,"column":16},"end":{"line":118,"column":null}},"loc":{"start":{"line":123,"column":10},"end":{"line":127,"column":null}},"line":123},"5":{"name":"(anonymous_5)","decl":{"start":{"line":124,"column":23},"end":{"line":124,"column":29}},"loc":{"start":{"line":124,"column":35},"end":{"line":124,"column":67}},"line":124}},"branchMap":{"0":{"loc":{"start":{"line":39,"column":5},"end":{"line":41,"column":null}},"type":"binary-expr","locations":[{"start":{"line":39,"column":5},"end":{"line":39,"column":22}},{"start":{"line":39,"column":22},"end":{"line":39,"column":null}},{"start":{"line":40,"column":5},"end":{"line":40,"column":18}},{"start":{"line":40,"column":18},"end":{"line":40,"column":null}},{"start":{"line":41,"column":5},"end":{"line":41,"column":26}},{"start":{"line":41,"column":26},"end":{"line":41,"column":null}}],"line":39},"1":{"loc":{"start":{"line":67,"column":2},"end":{"line":69,"column":null}},"type":"if","locations":[{"start":{"line":67,"column":2},"end":{"line":69,"column":null}},{"start":{},"end":{}}],"line":67},"2":{"loc":{"start":{"line":67,"column":6},"end":{"line":67,"column":52}},"type":"binary-expr","locations":[{"start":{"line":67,"column":6},"end":{"line":67,"column":22}},{"start":{"line":67,"column":22},"end":{"line":67,"column":40}},{"start":{"line":67,"column":40},"end":{"line":67,"column":52}}],"line":67},"3":{"loc":{"start":{"line":70,"column":14},"end":{"line":70,"column":null}},"type":"cond-expr","locations":[{"start":{"line":70,"column":29},"end":{"line":70,"column":53}},{"start":{"line":70,"column":53},"end":{"line":70,"column":null}}],"line":70},"4":{"loc":{"start":{"line":71,"column":21},"end":{"line":73,"column":null}},"type":"cond-expr","locations":[{"start":{"line":72,"column":6},"end":{"line":72,"column":null}},{"start":{"line":73,"column":6},"end":{"line":73,"column":null}}],"line":71},"5":{"loc":{"start":{"line":72,"column":34},"end":{"line":72,"column":61}},"type":"cond-expr","locations":[{"start":{"line":72,"column":40},"end":{"line":72,"column":58}},{"start":{"line":72,"column":58},"end":{"line":72,"column":61}}],"line":72},"6":{"loc":{"start":{"line":74,"column":20},"end":{"line":74,"column":null}},"type":"cond-expr","locations":[{"start":{"line":74,"column":28},"end":{"line":74,"column":67}},{"start":{"line":74,"column":67},"end":{"line":74,"column":null}}],"line":74},"7":{"loc":{"start":{"line":76,"column":9},"end":{"line":78,"column":null}},"type":"cond-expr","locations":[{"start":{"line":77,"column":6},"end":{"line":77,"column":null}},{"start":{"line":78,"column":6},"end":{"line":78,"column":null}}],"line":76},"8":{"loc":{"start":{"line":91,"column":9},"end":{"line":93,"column":null}},"type":"cond-expr","locations":[{"start":{"line":92,"column":6},"end":{"line":92,"column":null}},{"start":{"line":93,"column":6},"end":{"line":93,"column":null}}],"line":91},"9":{"loc":{"start":{"line":124,"column":35},"end":{"line":124,"column":67}},"type":"binary-expr","locations":[{"start":{"line":124,"column":35},"end":{"line":124,"column":54}},{"start":{"line":124,"column":54},"end":{"line":124,"column":67}}],"line":124},"10":{"loc":{"start":{"line":125,"column":2},"end":{"line":125,"column":null}},"type":"if","locations":[{"start":{"line":125,"column":2},"end":{"line":125,"column":null}},{"start":{},"end":{}}],"line":125}},"s":{"0":2,"1":0,"2":0,"3":0,"4":0,"5":0,"6":0,"7":0,"8":0,"9":0,"10":0,"11":0,"12":0,"13":2,"14":2,"15":0,"16":0,"17":0,"18":0,"19":0},"f":{"0":0,"1":0,"2":0,"3":0,"4":0,"5":0},"b":{"0":[0,0,0,0,0,0],"1":[0,0],"2":[0,0,0],"3":[0,0],"4":[0,0],"5":[0,0],"6":[0,0],"7":[0,0],"8":[0,0],"9":[0,0],"10":[0,0]},"meta":{"lastBranch":11,"lastFunction":6,"lastStatement":20,"seen":{"s:16:58:24:Infinity":0,"f:27:9:27:21":0,"s:28:15:28:Infinity":1,"s:29:2:29:Infinity":2,"f:37:9:37:24":1,"s:38:2:41:Infinity":3,"b:39:5:39:22:39:22:39:Infinity:40:5:40:18:40:18:40:Infinity:41:5:41:26:41:26:41:Infinity":0,"f:66:9:66:29":2,"b:67:2:69:Infinity:undefined:undefined:undefined:undefined":1,"s:67:2:69:Infinity":4,"b:67:6:67:22:67:22:67:40:67:40:67:52":2,"s:68:4:68:Infinity":5,"s:70:14:70:Infinity":6,"b:70:29:70:53:70:53:70:Infinity":3,"s:71:21:73:Infinity":7,"b:72:6:72:Infinity:73:6:73:Infinity":4,"b:72:40:72:58:72:58:72:61":5,"s:74:20:74:Infinity":8,"b:74:28:74:67:74:67:74:Infinity":6,"s:75:16:75:Infinity":9,"s:76:2:78:Infinity":10,"b:77:6:77:Infinity:78:6:78:Infinity":7,"f:89:9:89:30":3,"s:90:16:90:Infinity":11,"s:91:2:93:Infinity":12,"b:92:6:92:Infinity:93:6:93:Infinity":8,"s:101:60:104:Infinity":13,"s:107:51:109:Infinity":14,"f:118:16:118:Infinity":4,"s:124:16:124:Infinity":15,"f:124:23:124:29":5,"s:124:35:124:67":16,"b:124:35:124:54:124:54:124:67":9,"b:125:2:125:Infinity:undefined:undefined:undefined:undefined":10,"s:125:2:125:Infinity":17,"s:125:14:125:Infinity":18,"s:126:2:126:Infinity":19},"fnNames":{}}}
,"C:\\Users\\oscar.levin\\Documents\\dev\\pretext-plus-editor\\src\\assetView.ts": {"path":"C:\\Users\\oscar.levin\\Documents\\dev\\pretext-plus-editor\\src\\assetView.ts","statementMap":{"0":{"start":{"line":49,"column":17},"end":{"line":49,"column":null}},"1":{"start":{"line":50,"column":8},"end":{"line":51,"column":null}},"2":{"start":{"line":51,"column":4},"end":{"line":51,"column":null}},"3":{"start":{"line":51,"column":23},"end":{"line":51,"column":55}},"4":{"start":{"line":53,"column":27},"end":{"line":53,"column":null}},"5":{"start":{"line":54,"column":15},"end":{"line":54,"column":null}},"6":{"start":{"line":57,"column":2},"end":{"line":71,"column":null}},"7":{"start":{"line":58,"column":4},"end":{"line":70,"column":null}},"8":{"start":{"line":59,"column":18},"end":{"line":59,"column":null}},"9":{"start":{"line":60,"column":6},"end":{"line":60,"column":null}},"10":{"start":{"line":60,"column":25},"end":{"line":60,"column":null}},"11":{"start":{"line":61,"column":6},"end":{"line":61,"column":null}},"12":{"start":{"line":62,"column":20},"end":{"line":62,"column":null}},"13":{"start":{"line":63,"column":6},"end":{"line":69,"column":null}},"14":{"start":{"line":74,"column":2},"end":{"line":86,"column":null}},"15":{"start":{"line":75,"column":4},"end":{"line":75,"column":null}},"16":{"start":{"line":75,"column":20},"end":{"line":75,"column":null}},"17":{"start":{"line":76,"column":16},"end":{"line":76,"column":null}},"18":{"start":{"line":77,"column":4},"end":{"line":77,"column":null}},"19":{"start":{"line":77,"column":23},"end":{"line":77,"column":null}},"20":{"start":{"line":78,"column":4},"end":{"line":78,"column":null}},"21":{"start":{"line":79,"column":4},"end":{"line":85,"column":null}},"22":{"start":{"line":88,"column":2},"end":{"line":88,"column":null}},"23":{"start":{"line":97,"column":20},"end":{"line":97,"column":null}},"24":{"start":{"line":98,"column":2},"end":{"line":98,"column":null}},"25":{"start":{"line":98,"column":29},"end":{"line":98,"column":null}},"26":{"start":{"line":99,"column":2},"end":{"line":102,"column":null}},"27":{"start":{"line":99,"column":15},"end":{"line":99,"column":20}},"28":{"start":{"line":100,"column":17},"end":{"line":100,"column":null}},"29":{"start":{"line":101,"column":4},"end":{"line":101,"column":null}},"30":{"start":{"line":101,"column":26},"end":{"line":101,"column":null}}},"fnMap":{"0":{"name":"buildProjectAssetView","decl":{"start":{"line":45,"column":16},"end":{"line":45,"column":null}},"loc":{"start":{"line":48,"column":14},"end":{"line":89,"column":null}},"line":48},"1":{"name":"(anonymous_1)","decl":{"start":{"line":50,"column":8},"end":{"line":50,"column":21}},"loc":{"start":{"line":51,"column":4},"end":{"line":51,"column":null}},"line":51},"2":{"name":"(anonymous_2)","decl":{"start":{"line":51,"column":11},"end":{"line":51,"column":17}},"loc":{"start":{"line":51,"column":23},"end":{"line":51,"column":55}},"line":51},"3":{"name":"makeUniqueAssetRef","decl":{"start":{"line":96,"column":16},"end":{"line":96,"column":35}},"loc":{"start":{"line":96,"column":85},"end":{"line":103,"column":null}},"line":96}},"branchMap":{"0":{"loc":{"start":{"line":49,"column":17},"end":{"line":49,"column":null}},"type":"binary-expr","locations":[{"start":{"line":49,"column":17},"end":{"line":49,"column":34}},{"start":{"line":49,"column":34},"end":{"line":49,"column":null}}],"line":49},"1":{"loc":{"start":{"line":51,"column":23},"end":{"line":51,"column":55}},"type":"binary-expr","locations":[{"start":{"line":51,"column":23},"end":{"line":51,"column":42}},{"start":{"line":51,"column":42},"end":{"line":51,"column":55}}],"line":51},"2":{"loc":{"start":{"line":57,"column":25},"end":{"line":57,"column":42}},"type":"binary-expr","locations":[{"start":{"line":57,"column":25},"end":{"line":57,"column":38}},{"start":{"line":57,"column":38},"end":{"line":57,"column":42}}],"line":57},"3":{"loc":{"start":{"line":60,"column":6},"end":{"line":60,"column":null}},"type":"if","locations":[{"start":{"line":60,"column":6},"end":{"line":60,"column":null}},{"start":{},"end":{}}],"line":60},"4":{"loc":{"start":{"line":68,"column":16},"end":{"line":68,"column":null}},"type":"cond-expr","locations":[{"start":{"line":68,"column":24},"end":{"line":68,"column":35}},{"start":{"line":68,"column":35},"end":{"line":68,"column":null}}],"line":68},"5":{"loc":{"start":{"line":75,"column":4},"end":{"line":75,"column":null}},"type":"if","locations":[{"start":{"line":75,"column":4},"end":{"line":75,"column":null}},{"start":{},"end":{}}],"line":75},"6":{"loc":{"start":{"line":77,"column":4},"end":{"line":77,"column":null}},"type":"if","locations":[{"start":{"line":77,"column":4},"end":{"line":77,"column":null}},{"start":{},"end":{}}],"line":77},"7":{"loc":{"start":{"line":98,"column":2},"end":{"line":98,"column":null}},"type":"if","locations":[{"start":{"line":98,"column":2},"end":{"line":98,"column":null}},{"start":{},"end":{}}],"line":98},"8":{"loc":{"start":{"line":101,"column":4},"end":{"line":101,"column":null}},"type":"if","locations":[{"start":{"line":101,"column":4},"end":{"line":101,"column":null}},{"start":{},"end":{}}],"line":101}},"s":{"0":0,"1":0,"2":0,"3":0,"4":0,"5":0,"6":0,"7":0,"8":0,"9":0,"10":0,"11":0,"12":0,"13":0,"14":0,"15":0,"16":0,"17":0,"18":0,"19":0,"20":0,"21":0,"22":0,"23":0,"24":0,"25":0,"26":0,"27":0,"28":0,"29":0,"30":0},"f":{"0":0,"1":0,"2":0,"3":0},"b":{"0":[0,0],"1":[0,0],"2":[0,0],"3":[0,0],"4":[0,0],"5":[0,0],"6":[0,0],"7":[0,0],"8":[0,0]},"meta":{"lastBranch":9,"lastFunction":4,"lastStatement":31,"seen":{"f:45:16:45:Infinity":0,"s:49:17:49:Infinity":0,"b:49:17:49:34:49:34:49:Infinity":0,"s:50:8:51:Infinity":1,"f:50:8:50:21":1,"s:51:4:51:Infinity":2,"f:51:11:51:17":2,"s:51:23:51:55":3,"b:51:23:51:42:51:42:51:55":1,"s:53:27:53:Infinity":4,"s:54:15:54:Infinity":5,"s:57:2:71:Infinity":6,"b:57:25:57:38:57:38:57:42":2,"s:58:4:70:Infinity":7,"s:59:18:59:Infinity":8,"b:60:6:60:Infinity:undefined:undefined:undefined:undefined":3,"s:60:6:60:Infinity":9,"s:60:25:60:Infinity":10,"s:61:6:61:Infinity":11,"s:62:20:62:Infinity":12,"s:63:6:69:Infinity":13,"b:68:24:68:35:68:35:68:Infinity":4,"s:74:2:86:Infinity":14,"b:75:4:75:Infinity:undefined:undefined:undefined:undefined":5,"s:75:4:75:Infinity":15,"s:75:20:75:Infinity":16,"s:76:16:76:Infinity":17,"b:77:4:77:Infinity:undefined:undefined:undefined:undefined":6,"s:77:4:77:Infinity":18,"s:77:23:77:Infinity":19,"s:78:4:78:Infinity":20,"s:79:4:85:Infinity":21,"s:88:2:88:Infinity":22,"f:96:16:96:35":3,"s:97:20:97:Infinity":23,"b:98:2:98:Infinity:undefined:undefined:undefined:undefined":7,"s:98:2:98:Infinity":24,"s:98:29:98:Infinity":25,"s:99:2:102:Infinity":26,"s:99:15:99:20":27,"s:100:17:100:Infinity":28,"b:101:4:101:Infinity:undefined:undefined:undefined:undefined":8,"s:101:4:101:Infinity":29,"s:101:26:101:Infinity":30},"fnNames":{}}}
,"C:\\Users\\oscar.levin\\Documents\\dev\\pretext-plus-editor\\src\\contentConversion.ts": {"path":"C:\\Users\\oscar.levin\\Documents\\dev\\pretext-plus-editor\\src\\contentConversion.ts","statementMap":{"0":{"start":{"line":21,"column":29},"end":{"line":32,"column":null}},"1":{"start":{"line":38,"column":32},"end":{"line":38,"column":null}},"2":{"start":{"line":46,"column":32},"end":{"line":46,"column":null}},"3":{"start":{"line":60,"column":25},"end":{"line":60,"column":null}},"4":{"start":{"line":61,"column":2},"end":{"line":63,"column":null}},"5":{"start":{"line":62,"column":4},"end":{"line":62,"column":null}},"6":{"start":{"line":64,"column":2},"end":{"line":66,"column":null}},"7":{"start":{"line":65,"column":4},"end":{"line":65,"column":null}},"8":{"start":{"line":67,"column":2},"end":{"line":69,"column":null}},"9":{"start":{"line":67,"column":44},"end":{"line":67,"column":75}},"10":{"start":{"line":68,"column":4},"end":{"line":68,"column":null}},"11":{"start":{"line":70,"column":2},"end":{"line":75,"column":null}},"12":{"start":{"line":71,"column":45},"end":{"line":71,"column":78}},"13":{"start":{"line":74,"column":4},"end":{"line":74,"column":null}},"14":{"start":{"line":76,"column":2},"end":{"line":76,"column":null}},"15":{"start":{"line":87,"column":23},"end":{"line":87,"column":null}},"16":{"start":{"line":88,"column":2},"end":{"line":90,"column":null}},"17":{"start":{"line":89,"column":4},"end":{"line":89,"column":null}},"18":{"start":{"line":91,"column":20},"end":{"line":91,"column":null}},"19":{"start":{"line":92,"column":2},"end":{"line":92,"column":null}},"20":{"start":{"line":103,"column":26},"end":{"line":103,"column":null}},"21":{"start":{"line":104,"column":2},"end":{"line":106,"column":null}},"22":{"start":{"line":105,"column":4},"end":{"line":105,"column":null}},"23":{"start":{"line":107,"column":20},"end":{"line":107,"column":null}},"24":{"start":{"line":108,"column":2},"end":{"line":108,"column":null}},"25":{"start":{"line":118,"column":2},"end":{"line":120,"column":null}},"26":{"start":{"line":119,"column":4},"end":{"line":119,"column":null}},"27":{"start":{"line":121,"column":2},"end":{"line":121,"column":null}},"28":{"start":{"line":143,"column":2},"end":{"line":145,"column":null}},"29":{"start":{"line":144,"column":4},"end":{"line":144,"column":null}},"30":{"start":{"line":147,"column":2},"end":{"line":153,"column":null}},"31":{"start":{"line":148,"column":4},"end":{"line":152,"column":null}},"32":{"start":{"line":149,"column":6},"end":{"line":149,"column":null}},"33":{"start":{"line":151,"column":6},"end":{"line":151,"column":null}},"34":{"start":{"line":155,"column":2},"end":{"line":159,"column":null}},"35":{"start":{"line":156,"column":4},"end":{"line":156,"column":null}},"36":{"start":{"line":158,"column":4},"end":{"line":158,"column":null}}},"fnMap":{"0":{"name":"detectSourceFormat","decl":{"start":{"line":59,"column":16},"end":{"line":59,"column":35}},"loc":{"start":{"line":59,"column":65},"end":{"line":77,"column":null}},"line":59},"1":{"name":"(anonymous_1)","decl":{"start":{"line":67,"column":27},"end":{"line":67,"column":33}},"loc":{"start":{"line":67,"column":44},"end":{"line":67,"column":75}},"line":67},"2":{"name":"(anonymous_2)","decl":{"start":{"line":71,"column":28},"end":{"line":71,"column":34}},"loc":{"start":{"line":71,"column":45},"end":{"line":71,"column":78}},"line":71},"3":{"name":"convertLatexToPretext","decl":{"start":{"line":86,"column":16},"end":{"line":86,"column":38}},"loc":{"start":{"line":86,"column":68},"end":{"line":93,"column":null}},"line":86},"4":{"name":"convertMarkdownToPretext","decl":{"start":{"line":102,"column":16},"end":{"line":102,"column":41}},"loc":{"start":{"line":102,"column":74},"end":{"line":109,"column":null}},"line":102},"5":{"name":"getConversionErrorMessage","decl":{"start":{"line":117,"column":16},"end":{"line":117,"column":42}},"loc":{"start":{"line":117,"column":66},"end":{"line":122,"column":null}},"line":117},"6":{"name":"derivePretextContent","decl":{"start":{"line":139,"column":16},"end":{"line":139,"column":null}},"loc":{"start":{"line":142,"column":24},"end":{"line":160,"column":null}},"line":142}},"branchMap":{"0":{"loc":{"start":{"line":61,"column":2},"end":{"line":63,"column":null}},"type":"if","locations":[{"start":{"line":61,"column":2},"end":{"line":63,"column":null}},{"start":{},"end":{}}],"line":61},"1":{"loc":{"start":{"line":64,"column":2},"end":{"line":66,"column":null}},"type":"if","locations":[{"start":{"line":64,"column":2},"end":{"line":66,"column":null}},{"start":{},"end":{}}],"line":64},"2":{"loc":{"start":{"line":67,"column":2},"end":{"line":69,"column":null}},"type":"if","locations":[{"start":{"line":67,"column":2},"end":{"line":69,"column":null}},{"start":{},"end":{}}],"line":67},"3":{"loc":{"start":{"line":70,"column":2},"end":{"line":75,"column":null}},"type":"if","locations":[{"start":{"line":70,"column":2},"end":{"line":75,"column":null}},{"start":{},"end":{}}],"line":70},"4":{"loc":{"start":{"line":71,"column":4},"end":{"line":72,"column":null}},"type":"binary-expr","locations":[{"start":{"line":71,"column":4},"end":{"line":71,"column":null}},{"start":{"line":72,"column":4},"end":{"line":72,"column":null}}],"line":71},"5":{"loc":{"start":{"line":88,"column":2},"end":{"line":90,"column":null}},"type":"if","locations":[{"start":{"line":88,"column":2},"end":{"line":90,"column":null}},{"start":{},"end":{}}],"line":88},"6":{"loc":{"start":{"line":92,"column":9},"end":{"line":92,"column":null}},"type":"cond-expr","locations":[{"start":{"line":92,"column":9},"end":{"line":92,"column":48}},{"start":{"line":92,"column":48},"end":{"line":92,"column":null}}],"line":92},"7":{"loc":{"start":{"line":104,"column":2},"end":{"line":106,"column":null}},"type":"if","locations":[{"start":{"line":104,"column":2},"end":{"line":106,"column":null}},{"start":{},"end":{}}],"line":104},"8":{"loc":{"start":{"line":108,"column":9},"end":{"line":108,"column":null}},"type":"cond-expr","locations":[{"start":{"line":108,"column":9},"end":{"line":108,"column":48}},{"start":{"line":108,"column":48},"end":{"line":108,"column":null}}],"line":108},"9":{"loc":{"start":{"line":118,"column":2},"end":{"line":120,"column":null}},"type":"if","locations":[{"start":{"line":118,"column":2},"end":{"line":120,"column":null}},{"start":{},"end":{}}],"line":118},"10":{"loc":{"start":{"line":118,"column":6},"end":{"line":118,"column":54}},"type":"binary-expr","locations":[{"start":{"line":118,"column":6},"end":{"line":118,"column":32}},{"start":{"line":118,"column":32},"end":{"line":118,"column":54}}],"line":118},"11":{"loc":{"start":{"line":143,"column":2},"end":{"line":145,"column":null}},"type":"if","locations":[{"start":{"line":143,"column":2},"end":{"line":145,"column":null}},{"start":{},"end":{}}],"line":143},"12":{"loc":{"start":{"line":147,"column":2},"end":{"line":153,"column":null}},"type":"if","locations":[{"start":{"line":147,"column":2},"end":{"line":153,"column":null}},{"start":{},"end":{}}],"line":147}},"s":{"0":3,"1":3,"2":3,"3":16,"4":16,"5":2,"6":14,"7":3,"8":11,"9":84,"10":7,"11":4,"12":11,"13":3,"14":1,"15":5,"16":5,"17":2,"18":3,"19":3,"20":4,"21":4,"22":1,"23":3,"24":3,"25":5,"26":1,"27":4,"28":6,"29":2,"30":4,"31":2,"32":2,"33":0,"34":2,"35":2,"36":0},"f":{"0":16,"1":84,"2":11,"3":5,"4":4,"5":5,"6":6},"b":{"0":[2,14],"1":[3,11],"2":[7,4],"3":[3,1],"4":[4,2],"5":[2,3],"6":[3,0],"7":[1,3],"8":[3,0],"9":[1,4],"10":[5,2],"11":[2,4],"12":[2,2]},"meta":{"lastBranch":13,"lastFunction":7,"lastStatement":37,"seen":{"s:21:29:32:Infinity":0,"s:38:32:38:Infinity":1,"s:46:32:46:Infinity":2,"f:59:16:59:35":0,"s:60:25:60:Infinity":3,"b:61:2:63:Infinity:undefined:undefined:undefined:undefined":0,"s:61:2:63:Infinity":4,"s:62:4:62:Infinity":5,"b:64:2:66:Infinity:undefined:undefined:undefined:undefined":1,"s:64:2:66:Infinity":6,"s:65:4:65:Infinity":7,"b:67:2:69:Infinity:undefined:undefined:undefined:undefined":2,"s:67:2:69:Infinity":8,"f:67:27:67:33":1,"s:67:44:67:75":9,"s:68:4:68:Infinity":10,"b:70:2:75:Infinity:undefined:undefined:undefined:undefined":3,"s:70:2:75:Infinity":11,"b:71:4:71:Infinity:72:4:72:Infinity":4,"f:71:28:71:34":2,"s:71:45:71:78":12,"s:74:4:74:Infinity":13,"s:76:2:76:Infinity":14,"f:86:16:86:38":3,"s:87:23:87:Infinity":15,"b:88:2:90:Infinity:undefined:undefined:undefined:undefined":5,"s:88:2:90:Infinity":16,"s:89:4:89:Infinity":17,"s:91:20:91:Infinity":18,"s:92:2:92:Infinity":19,"b:92:9:92:48:92:48:92:Infinity":6,"f:102:16:102:41":4,"s:103:26:103:Infinity":20,"b:104:2:106:Infinity:undefined:undefined:undefined:undefined":7,"s:104:2:106:Infinity":21,"s:105:4:105:Infinity":22,"s:107:20:107:Infinity":23,"s:108:2:108:Infinity":24,"b:108:9:108:48:108:48:108:Infinity":8,"f:117:16:117:42":5,"b:118:2:120:Infinity:undefined:undefined:undefined:undefined":9,"s:118:2:120:Infinity":25,"b:118:6:118:32:118:32:118:54":10,"s:119:4:119:Infinity":26,"s:121:2:121:Infinity":27,"f:139:16:139:Infinity":6,"b:143:2:145:Infinity:undefined:undefined:undefined:undefined":11,"s:143:2:145:Infinity":28,"s:144:4:144:Infinity":29,"b:147:2:153:Infinity:undefined:undefined:undefined:undefined":12,"s:147:2:153:Infinity":30,"s:148:4:152:Infinity":31,"s:149:6:149:Infinity":32,"s:151:6:151:Infinity":33,"s:155:2:159:Infinity":34,"s:156:4:156:Infinity":35,"s:158:4:158:Infinity":36},"fnNames":{}}}
,"C:\\Users\\oscar.levin\\Documents\\dev\\pretext-plus-editor\\src\\defaultContent.ts": {"path":"C:\\Users\\oscar.levin\\Documents\\dev\\pretext-plus-editor\\src\\defaultContent.ts","statementMap":{"0":{"start":{"line":1,"column":31},"end":{"line":1,"column":null}},"1":{"start":{"line":81,"column":30},"end":{"line":81,"column":null}}},"fnMap":{},"branchMap":{},"s":{"0":0,"1":0},"f":{},"b":{},"meta":{"lastBranch":0,"lastFunction":0,"lastStatement":2,"seen":{"s:1:31:1:Infinity":0,"s:81:30:81:Infinity":1},"fnNames":{}}}
,"C:\\Users\\oscar.levin\\Documents\\dev\\pretext-plus-editor\\src\\index.ts": {"path":"C:\\Users\\oscar.levin\\Documents\\dev\\pretext-plus-editor\\src\\index.ts","statementMap":{},"fnMap":{},"branchMap":{},"s":{},"f":{},"b":{},"meta":{"lastBranch":0,"lastFunction":0,"lastStatement":0,"seen":{},"fnNames":{}}}
,"C:\\Users\\oscar.levin\\Documents\\dev\\pretext-plus-editor\\src\\sectionUtils.ts": {"path":"C:\\Users\\oscar.levin\\Documents\\dev\\pretext-plus-editor\\src\\sectionUtils.ts","statementMap":{"0":{"start":{"line":29,"column":30},"end":{"line":29,"column":null}},"1":{"start":{"line":33,"column":2},"end":{"line":35,"column":null}},"2":{"start":{"line":40,"column":21},"end":{"line":42,"column":null}},"3":{"start":{"line":41,"column":15},"end":{"line":41,"column":null}},"4":{"start":{"line":43,"column":2},"end":{"line":43,"column":null}},"5":{"start":{"line":43,"column":19},"end":{"line":43,"column":null}},"6":{"start":{"line":44,"column":2},"end":{"line":48,"column":null}},"7":{"start":{"line":45,"column":19},"end":{"line":45,"column":36}},"8":{"start":{"line":46,"column":17},"end":{"line":46,"column":60}},"9":{"start":{"line":51,"column":42},"end":{"line":62,"column":null}},"10":{"start":{"line":65,"column":48},"end":{"line":72,"column":null}},"11":{"start":{"line":75,"column":2},"end":{"line":75,"column":null}},"12":{"start":{"line":79,"column":2},"end":{"line":79,"column":null}},"13":{"start":{"line":82,"column":48},"end":{"line":88,"column":null}},"14":{"start":{"line":93,"column":12},"end":{"line":93,"column":null}},"15":{"start":{"line":94,"column":2},"end":{"line":98,"column":null}},"16":{"start":{"line":95,"column":17},"end":{"line":95,"column":null}},"17":{"start":{"line":96,"column":4},"end":{"line":96,"column":null}},"18":{"start":{"line":96,"column":55},"end":{"line":96,"column":null}},"19":{"start":{"line":97,"column":4},"end":{"line":97,"column":null}},"20":{"start":{"line":99,"column":2},"end":{"line":99,"column":null}},"21":{"start":{"line":105,"column":14},"end":{"line":105,"column":null}},"22":{"start":{"line":106,"column":12},"end":{"line":106,"column":null}},"23":{"start":{"line":108,"column":2},"end":{"line":112,"column":null}},"24":{"start":{"line":109,"column":17},"end":{"line":109,"column":null}},"25":{"start":{"line":110,"column":4},"end":{"line":110,"column":null}},"26":{"start":{"line":110,"column":55},"end":{"line":110,"column":null}},"27":{"start":{"line":111,"column":4},"end":{"line":111,"column":null}},"28":{"start":{"line":114,"column":2},"end":{"line":118,"column":null}},"29":{"start":{"line":115,"column":17},"end":{"line":115,"column":null}},"30":{"start":{"line":116,"column":4},"end":{"line":116,"column":null}},"31":{"start":{"line":116,"column":55},"end":{"line":116,"column":null}},"32":{"start":{"line":117,"column":4},"end":{"line":117,"column":null}},"33":{"start":{"line":120,"column":2},"end":{"line":120,"column":null}},"34":{"start":{"line":125,"column":2},"end":{"line":127,"column":null}},"35":{"start":{"line":138,"column":2},"end":{"line":142,"column":null}},"36":{"start":{"line":139,"column":4},"end":{"line":139,"column":null}},"37":{"start":{"line":141,"column":4},"end":{"line":141,"column":null}},"38":{"start":{"line":154,"column":15},"end":{"line":154,"column":null}},"39":{"start":{"line":155,"column":18},"end":{"line":155,"column":null}},"40":{"start":{"line":155,"column":45},"end":{"line":155,"column":65}},"41":{"start":{"line":158,"column":2},"end":{"line":158,"column":null}},"42":{"start":{"line":168,"column":15},"end":{"line":168,"column":null}},"43":{"start":{"line":169,"column":2},"end":{"line":169,"column":null}},"44":{"start":{"line":169,"column":41},"end":{"line":169,"column":null}},"45":{"start":{"line":170,"column":20},"end":{"line":170,"column":null}},"46":{"start":{"line":171,"column":18},"end":{"line":171,"column":null}},"47":{"start":{"line":174,"column":2},"end":{"line":174,"column":null}},"48":{"start":{"line":190,"column":15},"end":{"line":190,"column":null}},"49":{"start":{"line":191,"column":2},"end":{"line":191,"column":null}},"50":{"start":{"line":191,"column":13},"end":{"line":191,"column":null}},"51":{"start":{"line":192,"column":17},"end":{"line":192,"column":null}},"52":{"start":{"line":192,"column":43},"end":{"line":192,"column":63}},"53":{"start":{"line":195,"column":2},"end":{"line":195,"column":null}},"54":{"start":{"line":195,"column":15},"end":{"line":195,"column":null}},"55":{"start":{"line":197,"column":21},"end":{"line":199,"column":null}},"56":{"start":{"line":198,"column":11},"end":{"line":198,"column":null}},"57":{"start":{"line":201,"column":29},"end":{"line":206,"column":null}},"58":{"start":{"line":208,"column":2},"end":{"line":212,"column":null}},"59":{"start":{"line":209,"column":4},"end":{"line":209,"column":null}},"60":{"start":{"line":211,"column":4},"end":{"line":211,"column":null}},"61":{"start":{"line":214,"column":2},"end":{"line":214,"column":null}},"62":{"start":{"line":219,"column":13},"end":{"line":219,"column":null}},"63":{"start":{"line":220,"column":17},"end":{"line":220,"column":null}},"64":{"start":{"line":221,"column":2},"end":{"line":228,"column":null}},"65":{"start":{"line":233,"column":13},"end":{"line":233,"column":null}},"66":{"start":{"line":234,"column":17},"end":{"line":234,"column":null}},"67":{"start":{"line":235,"column":2},"end":{"line":242,"column":null}},"68":{"start":{"line":247,"column":13},"end":{"line":247,"column":null}},"69":{"start":{"line":248,"column":17},"end":{"line":248,"column":null}},"70":{"start":{"line":249,"column":2},"end":{"line":256,"column":null}},"71":{"start":{"line":266,"column":15},"end":{"line":266,"column":null}},"72":{"start":{"line":269,"column":2},"end":{"line":269,"column":null}},"73":{"start":{"line":269,"column":13},"end":{"line":269,"column":null}},"74":{"start":{"line":270,"column":17},"end":{"line":270,"column":null}},"75":{"start":{"line":270,"column":43},"end":{"line":270,"column":63}},"76":{"start":{"line":273,"column":2},"end":{"line":273,"column":null}},"77":{"start":{"line":273,"column":15},"end":{"line":273,"column":null}},"78":{"start":{"line":274,"column":22},"end":{"line":277,"column":null}},"79":{"start":{"line":278,"column":2},"end":{"line":278,"column":null}},"80":{"start":{"line":292,"column":29},"end":{"line":292,"column":null}},"81":{"start":{"line":293,"column":2},"end":{"line":293,"column":null}},"82":{"start":{"line":306,"column":18},"end":{"line":306,"column":null}},"83":{"start":{"line":307,"column":2},"end":{"line":307,"column":null}},"84":{"start":{"line":307,"column":38},"end":{"line":307,"column":null}},"85":{"start":{"line":308,"column":2},"end":{"line":308,"column":null}},"86":{"start":{"line":312,"column":19},"end":{"line":312,"column":null}},"87":{"start":{"line":313,"column":2},"end":{"line":316,"column":null}},"88":{"start":{"line":314,"column":16},"end":{"line":314,"column":null}},"89":{"start":{"line":315,"column":4},"end":{"line":315,"column":null}},"90":{"start":{"line":315,"column":20},"end":{"line":315,"column":null}},"91":{"start":{"line":317,"column":15},"end":{"line":317,"column":null}},"92":{"start":{"line":320,"column":2},"end":{"line":320,"column":null}},"93":{"start":{"line":320,"column":13},"end":{"line":320,"column":null}},"94":{"start":{"line":321,"column":24},"end":{"line":321,"column":null}},"95":{"start":{"line":321,"column":50},"end":{"line":321,"column":70}},"96":{"start":{"line":324,"column":2},"end":{"line":324,"column":null}},"97":{"start":{"line":324,"column":22},"end":{"line":324,"column":null}},"98":{"start":{"line":326,"column":26},"end":{"line":328,"column":null}},"99":{"start":{"line":327,"column":11},"end":{"line":327,"column":null}},"100":{"start":{"line":330,"column":2},"end":{"line":363,"column":null}},"101":{"start":{"line":334,"column":20},"end":{"line":334,"column":null}},"102":{"start":{"line":335,"column":28},"end":{"line":337,"column":null}},"103":{"start":{"line":336,"column":13},"end":{"line":336,"column":null}},"104":{"start":{"line":338,"column":31},"end":{"line":342,"column":null}},"105":{"start":{"line":340,"column":15},"end":{"line":340,"column":null}},"106":{"start":{"line":343,"column":30},"end":{"line":346,"column":null}},"107":{"start":{"line":347,"column":10},"end":{"line":347,"column":null}},"108":{"start":{"line":348,"column":4},"end":{"line":348,"column":null}},"109":{"start":{"line":348,"column":38},"end":{"line":348,"column":null}},"110":{"start":{"line":349,"column":4},"end":{"line":362,"column":null}},"111":{"start":{"line":352,"column":19},"end":{"line":352,"column":null}},"112":{"start":{"line":353,"column":8},"end":{"line":360,"column":null}},"113":{"start":{"line":365,"column":26},"end":{"line":365,"column":null}},"114":{"start":{"line":365,"column":57},"end":{"line":365,"column":82}},"115":{"start":{"line":366,"column":2},"end":{"line":366,"column":null}},"116":{"start":{"line":366,"column":36},"end":{"line":366,"column":null}},"117":{"start":{"line":367,"column":2},"end":{"line":380,"column":null}},"118":{"start":{"line":370,"column":17},"end":{"line":370,"column":null}},"119":{"start":{"line":371,"column":6},"end":{"line":378,"column":null}},"120":{"start":{"line":387,"column":2},"end":{"line":387,"column":null}},"121":{"start":{"line":387,"column":16},"end":{"line":387,"column":null}},"122":{"start":{"line":387,"column":43},"end":{"line":387,"column":51}},"123":{"start":{"line":388,"column":22},"end":{"line":388,"column":null}},"124":{"start":{"line":389,"column":2},"end":{"line":389,"column":null}},"125":{"start":{"line":389,"column":20},"end":{"line":389,"column":null}},"126":{"start":{"line":389,"column":47},"end":{"line":389,"column":55}},"127":{"start":{"line":390,"column":22},"end":{"line":390,"column":null}},"128":{"start":{"line":390,"column":55},"end":{"line":390,"column":75}},"129":{"start":{"line":393,"column":2},"end":{"line":393,"column":null}},"130":{"start":{"line":393,"column":20},"end":{"line":393,"column":null}},"131":{"start":{"line":393,"column":47},"end":{"line":393,"column":55}},"132":{"start":{"line":394,"column":34},"end":{"line":401,"column":null}},"133":{"start":{"line":395,"column":4},"end":{"line":400,"column":null}},"134":{"start":{"line":396,"column":12},"end":{"line":396,"column":null}},"135":{"start":{"line":397,"column":6},"end":{"line":397,"column":null}},"136":{"start":{"line":397,"column":44},"end":{"line":397,"column":64}},"137":{"start":{"line":399,"column":6},"end":{"line":399,"column":null}},"138":{"start":{"line":402,"column":22},"end":{"line":405,"column":null}},"139":{"start":{"line":402,"column":53},"end":{"line":405,"column":3}},"140":{"start":{"line":406,"column":23},"end":{"line":418,"column":null}},"141":{"start":{"line":419,"column":2},"end":{"line":419,"column":null}},"142":{"start":{"line":434,"column":2},"end":{"line":434,"column":null}},"143":{"start":{"line":451,"column":13},"end":{"line":451,"column":null}},"144":{"start":{"line":452,"column":40},"end":{"line":452,"column":null}},"145":{"start":{"line":453,"column":2},"end":{"line":467,"column":null}},"146":{"start":{"line":454,"column":10},"end":{"line":454,"column":null}},"147":{"start":{"line":455,"column":15},"end":{"line":455,"column":null}},"148":{"start":{"line":455,"column":41},"end":{"line":455,"column":61}},"149":{"start":{"line":458,"column":4},"end":{"line":464,"column":null}},"150":{"start":{"line":459,"column":6},"end":{"line":459,"column":null}},"151":{"start":{"line":460,"column":6},"end":{"line":463,"column":null}},"152":{"start":{"line":461,"column":8},"end":{"line":461,"column":null}},"153":{"start":{"line":461,"column":27},"end":{"line":461,"column":null}},"154":{"start":{"line":462,"column":8},"end":{"line":462,"column":null}},"155":{"start":{"line":468,"column":18},"end":{"line":470,"column":null}},"156":{"start":{"line":469,"column":27},"end":{"line":469,"column":64}},"157":{"start":{"line":471,"column":26},"end":{"line":471,"column":null}},"158":{"start":{"line":472,"column":2},"end":{"line":472,"column":null}},"159":{"start":{"line":486,"column":2},"end":{"line":486,"column":null}},"160":{"start":{"line":490,"column":2},"end":{"line":494,"column":null}},"161":{"start":{"line":491,"column":4},"end":{"line":491,"column":null}},"162":{"start":{"line":493,"column":4},"end":{"line":493,"column":null}},"163":{"start":{"line":498,"column":12},"end":{"line":498,"column":null}},"164":{"start":{"line":499,"column":2},"end":{"line":499,"column":null}},"165":{"start":{"line":507,"column":19},"end":{"line":507,"column":null}},"166":{"start":{"line":508,"column":2},"end":{"line":508,"column":null}},"167":{"start":{"line":508,"column":23},"end":{"line":508,"column":null}},"168":{"start":{"line":509,"column":21},"end":{"line":509,"column":null}},"169":{"start":{"line":510,"column":17},"end":{"line":510,"column":null}},"170":{"start":{"line":511,"column":2},"end":{"line":517,"column":null}},"171":{"start":{"line":512,"column":4},"end":{"line":516,"column":null}},"172":{"start":{"line":518,"column":2},"end":{"line":518,"column":null}},"173":{"start":{"line":522,"column":38},"end":{"line":522,"column":null}},"174":{"start":{"line":523,"column":16},"end":{"line":523,"column":null}},"175":{"start":{"line":524,"column":38},"end":{"line":524,"column":null}},"176":{"start":{"line":525,"column":16},"end":{"line":525,"column":null}},"177":{"start":{"line":526,"column":2},"end":{"line":529,"column":null}},"178":{"start":{"line":527,"column":15},"end":{"line":527,"column":null}},"179":{"start":{"line":528,"column":4},"end":{"line":528,"column":null}},"180":{"start":{"line":530,"column":2},"end":{"line":536,"column":null}},"181":{"start":{"line":530,"column":15},"end":{"line":530,"column":18}},"182":{"start":{"line":531,"column":19},"end":{"line":531,"column":null}},"183":{"start":{"line":532,"column":24},"end":{"line":532,"column":null}},"184":{"start":{"line":533,"column":18},"end":{"line":533,"column":null}},"185":{"start":{"line":534,"column":15},"end":{"line":534,"column":null}},"186":{"start":{"line":535,"column":4},"end":{"line":535,"column":null}},"187":{"start":{"line":537,"column":18},"end":{"line":537,"column":null}},"188":{"start":{"line":538,"column":2},"end":{"line":538,"column":null}},"189":{"start":{"line":542,"column":38},"end":{"line":542,"column":null}},"190":{"start":{"line":543,"column":16},"end":{"line":543,"column":null}},"191":{"start":{"line":544,"column":38},"end":{"line":544,"column":null}},"192":{"start":{"line":545,"column":21},"end":{"line":545,"column":null}},"193":{"start":{"line":546,"column":2},"end":{"line":556,"column":null}},"194":{"start":{"line":547,"column":19},"end":{"line":547,"column":null}},"195":{"start":{"line":548,"column":4},"end":{"line":551,"column":null}},"196":{"start":{"line":549,"column":17},"end":{"line":549,"column":null}},"197":{"start":{"line":550,"column":6},"end":{"line":550,"column":null}},"198":{"start":{"line":552,"column":23},"end":{"line":552,"column":null}},"199":{"start":{"line":553,"column":18},"end":{"line":553,"column":null}},"200":{"start":{"line":554,"column":15},"end":{"line":554,"column":null}},"201":{"start":{"line":555,"column":4},"end":{"line":555,"column":null}},"202":{"start":{"line":558,"column":2},"end":{"line":563,"column":null}},"203":{"start":{"line":559,"column":23},"end":{"line":559,"column":null}},"204":{"start":{"line":560,"column":18},"end":{"line":560,"column":null}},"205":{"start":{"line":561,"column":15},"end":{"line":561,"column":null}},"206":{"start":{"line":562,"column":4},"end":{"line":562,"column":null}},"207":{"start":{"line":564,"column":18},"end":{"line":564,"column":null}},"208":{"start":{"line":565,"column":2},"end":{"line":565,"column":null}},"209":{"start":{"line":569,"column":2},"end":{"line":569,"column":null}},"210":{"start":{"line":569,"column":40},"end":{"line":569,"column":null}},"211":{"start":{"line":570,"column":2},"end":{"line":570,"column":null}},"212":{"start":{"line":577,"column":23},"end":{"line":577,"column":null}},"213":{"start":{"line":577,"column":43},"end":{"line":577,"column":51}},"214":{"start":{"line":578,"column":2},"end":{"line":578,"column":null}},"215":{"start":{"line":578,"column":16},"end":{"line":578,"column":null}},"216":{"start":{"line":579,"column":12},"end":{"line":579,"column":null}},"217":{"start":{"line":580,"column":2},"end":{"line":580,"column":null}},"218":{"start":{"line":580,"column":10},"end":{"line":580,"column":null}},"219":{"start":{"line":581,"column":16},"end":{"line":581,"column":null}},"220":{"start":{"line":582,"column":2},"end":{"line":582,"column":null}},"221":{"start":{"line":583,"column":2},"end":{"line":583,"column":null}},"222":{"start":{"line":598,"column":2},"end":{"line":600,"column":null}},"223":{"start":{"line":599,"column":4},"end":{"line":599,"column":null}},"224":{"start":{"line":601,"column":18},"end":{"line":601,"column":null}},"225":{"start":{"line":602,"column":2},"end":{"line":606,"column":null}},"226":{"start":{"line":603,"column":4},"end":{"line":605,"column":null}},"227":{"start":{"line":608,"column":2},"end":{"line":608,"column":null}},"228":{"start":{"line":627,"column":2},"end":{"line":629,"column":null}},"229":{"start":{"line":628,"column":4},"end":{"line":628,"column":null}},"230":{"start":{"line":631,"column":2},"end":{"line":633,"column":null}},"231":{"start":{"line":632,"column":4},"end":{"line":632,"column":null}},"232":{"start":{"line":634,"column":2},"end":{"line":634,"column":null}},"233":{"start":{"line":649,"column":2},"end":{"line":651,"column":null}},"234":{"start":{"line":650,"column":4},"end":{"line":650,"column":null}},"235":{"start":{"line":652,"column":18},"end":{"line":652,"column":null}},"236":{"start":{"line":653,"column":2},"end":{"line":658,"column":null}},"237":{"start":{"line":657,"column":4},"end":{"line":657,"column":null}},"238":{"start":{"line":659,"column":2},"end":{"line":659,"column":null}},"239":{"start":{"line":677,"column":2},"end":{"line":677,"column":null}},"240":{"start":{"line":692,"column":20},"end":{"line":692,"column":null}},"241":{"start":{"line":693,"column":2},"end":{"line":695,"column":null}},"242":{"start":{"line":694,"column":4},"end":{"line":694,"column":null}},"243":{"start":{"line":694,"column":53},"end":{"line":694,"column":75}},"244":{"start":{"line":696,"column":2},"end":{"line":704,"column":null}},"245":{"start":{"line":697,"column":4},"end":{"line":699,"column":null}},"246":{"start":{"line":698,"column":6},"end":{"line":698,"column":null}},"247":{"start":{"line":700,"column":4},"end":{"line":703,"column":null}},"248":{"start":{"line":705,"column":2},"end":{"line":705,"column":null}},"249":{"start":{"line":716,"column":4},"end":{"line":716,"column":null}},"250":{"start":{"line":717,"column":2},"end":{"line":717,"column":null}},"251":{"start":{"line":717,"column":19},"end":{"line":717,"column":null}},"252":{"start":{"line":718,"column":2},"end":{"line":721,"column":null}},"253":{"start":{"line":719,"column":23},"end":{"line":719,"column":null}},"254":{"start":{"line":720,"column":4},"end":{"line":720,"column":null}},"255":{"start":{"line":720,"column":20},"end":{"line":720,"column":null}},"256":{"start":{"line":722,"column":2},"end":{"line":722,"column":null}},"257":{"start":{"line":734,"column":4},"end":{"line":736,"column":null}},"258":{"start":{"line":737,"column":2},"end":{"line":737,"column":null}},"259":{"start":{"line":766,"column":15},"end":{"line":766,"column":null}},"260":{"start":{"line":767,"column":2},"end":{"line":772,"column":null}},"261":{"start":{"line":768,"column":4},"end":{"line":771,"column":null}},"262":{"start":{"line":773,"column":2},"end":{"line":775,"column":null}},"263":{"start":{"line":774,"column":4},"end":{"line":774,"column":null}},"264":{"start":{"line":776,"column":2},"end":{"line":784,"column":null}},"265":{"start":{"line":777,"column":4},"end":{"line":783,"column":null}},"266":{"start":{"line":780,"column":8},"end":{"line":782,"column":null}},"267":{"start":{"line":785,"column":2},"end":{"line":791,"column":null}},"268":{"start":{"line":812,"column":25},"end":{"line":815,"column":null}},"269":{"start":{"line":816,"column":2},"end":{"line":816,"column":null}},"270":{"start":{"line":816,"column":51},"end":{"line":816,"column":null}},"271":{"start":{"line":817,"column":2},"end":{"line":817,"column":null}},"272":{"start":{"line":822,"column":13},"end":{"line":822,"column":null}},"273":{"start":{"line":823,"column":2},"end":{"line":830,"column":null}},"274":{"start":{"line":835,"column":13},"end":{"line":835,"column":null}},"275":{"start":{"line":836,"column":2},"end":{"line":843,"column":null}},"276":{"start":{"line":848,"column":13},"end":{"line":848,"column":null}},"277":{"start":{"line":849,"column":2},"end":{"line":856,"column":null}},"278":{"start":{"line":880,"column":2},"end":{"line":886,"column":null}},"279":{"start":{"line":881,"column":18},"end":{"line":881,"column":null}},"280":{"start":{"line":882,"column":4},"end":{"line":885,"column":null}},"281":{"start":{"line":889,"column":16},"end":{"line":889,"column":null}},"282":{"start":{"line":890,"column":16},"end":{"line":890,"column":null}},"283":{"start":{"line":891,"column":14},"end":{"line":891,"column":null}},"284":{"start":{"line":891,"column":42},"end":{"line":891,"column":62}},"285":{"start":{"line":894,"column":14},"end":{"line":894,"column":null}},"286":{"start":{"line":894,"column":42},"end":{"line":894,"column":62}},"287":{"start":{"line":898,"column":2},"end":{"line":901,"column":null}},"288":{"start":{"line":900,"column":4},"end":{"line":900,"column":null}},"289":{"start":{"line":904,"column":24},"end":{"line":906,"column":null}},"290":{"start":{"line":905,"column":11},"end":{"line":905,"column":null}},"291":{"start":{"line":907,"column":26},"end":{"line":910,"column":null}},"292":{"start":{"line":911,"column":2},"end":{"line":914,"column":null}},"293":{"start":{"line":929,"column":2},"end":{"line":941,"column":null}},"294":{"start":{"line":930,"column":10},"end":{"line":930,"column":null}},"295":{"start":{"line":931,"column":15},"end":{"line":931,"column":null}},"296":{"start":{"line":931,"column":41},"end":{"line":931,"column":61}},"297":{"start":{"line":934,"column":4},"end":{"line":934,"column":null}},"298":{"start":{"line":934,"column":13},"end":{"line":934,"column":null}},"299":{"start":{"line":935,"column":4},"end":{"line":938,"column":null}},"300":{"start":{"line":940,"column":4},"end":{"line":940,"column":null}},"301":{"start":{"line":953,"column":2},"end":{"line":956,"column":null}},"302":{"start":{"line":967,"column":15},"end":{"line":971,"column":null}},"303":{"start":{"line":972,"column":2},"end":{"line":972,"column":null}},"304":{"start":{"line":991,"column":15},"end":{"line":991,"column":null}},"305":{"start":{"line":992,"column":2},"end":{"line":992,"column":null}},"306":{"start":{"line":992,"column":13},"end":{"line":992,"column":null}},"307":{"start":{"line":993,"column":13},"end":{"line":993,"column":null}},"308":{"start":{"line":993,"column":39},"end":{"line":993,"column":59}},"309":{"start":{"line":996,"column":2},"end":{"line":996,"column":null}},"310":{"start":{"line":996,"column":47},"end":{"line":996,"column":null}},"311":{"start":{"line":997,"column":2},"end":{"line":1002,"column":null}},"312":{"start":{"line":1022,"column":18},"end":{"line":1022,"column":null}},"313":{"start":{"line":1023,"column":19},"end":{"line":1023,"column":null}},"314":{"start":{"line":1025,"column":2},"end":{"line":1098,"column":null}},"315":{"start":{"line":1026,"column":10},"end":{"line":1026,"column":null}},"316":{"start":{"line":1027,"column":15},"end":{"line":1027,"column":null}},"317":{"start":{"line":1027,"column":41},"end":{"line":1027,"column":61}},"318":{"start":{"line":1031,"column":4},"end":{"line":1034,"column":null}},"319":{"start":{"line":1033,"column":6},"end":{"line":1033,"column":null}},"320":{"start":{"line":1037,"column":27},"end":{"line":1041,"column":null}},"321":{"start":{"line":1044,"column":4},"end":{"line":1050,"column":null}},"322":{"start":{"line":1045,"column":6},"end":{"line":1049,"column":null}},"323":{"start":{"line":1046,"column":8},"end":{"line":1046,"column":null}},"324":{"start":{"line":1048,"column":8},"end":{"line":1048,"column":null}},"325":{"start":{"line":1053,"column":4},"end":{"line":1059,"column":null}},"326":{"start":{"line":1054,"column":6},"end":{"line":1058,"column":null}},"327":{"start":{"line":1055,"column":8},"end":{"line":1055,"column":null}},"328":{"start":{"line":1057,"column":8},"end":{"line":1057,"column":null}},"329":{"start":{"line":1062,"column":23},"end":{"line":1064,"column":null}},"330":{"start":{"line":1063,"column":13},"end":{"line":1063,"column":null}},"331":{"start":{"line":1065,"column":31},"end":{"line":1070,"column":null}},"332":{"start":{"line":1071,"column":4},"end":{"line":1079,"column":null}},"333":{"start":{"line":1072,"column":6},"end":{"line":1072,"column":null}},"334":{"start":{"line":1074,"column":6},"end":{"line":1078,"column":null}},"335":{"start":{"line":1081,"column":10},"end":{"line":1084,"column":null}},"336":{"start":{"line":1086,"column":6},"end":{"line":1088,"column":null}},"337":{"start":{"line":1089,"column":4},"end":{"line":1095,"column":null}},"338":{"start":{"line":1097,"column":4},"end":{"line":1097,"column":null}},"339":{"start":{"line":1117,"column":2},"end":{"line":1166,"column":null}},"340":{"start":{"line":1118,"column":10},"end":{"line":1118,"column":null}},"341":{"start":{"line":1119,"column":15},"end":{"line":1119,"column":null}},"342":{"start":{"line":1119,"column":41},"end":{"line":1119,"column":61}},"343":{"start":{"line":1122,"column":4},"end":{"line":1122,"column":null}},"344":{"start":{"line":1122,"column":13},"end":{"line":1122,"column":null}},"345":{"start":{"line":1124,"column":27},"end":{"line":1124,"column":null}},"346":{"start":{"line":1126,"column":4},"end":{"line":1132,"column":null}},"347":{"start":{"line":1127,"column":6},"end":{"line":1131,"column":null}},"348":{"start":{"line":1128,"column":8},"end":{"line":1128,"column":null}},"349":{"start":{"line":1130,"column":8},"end":{"line":1130,"column":null}},"350":{"start":{"line":1134,"column":4},"end":{"line":1140,"column":null}},"351":{"start":{"line":1135,"column":6},"end":{"line":1139,"column":null}},"352":{"start":{"line":1136,"column":8},"end":{"line":1136,"column":null}},"353":{"start":{"line":1138,"column":8},"end":{"line":1138,"column":null}},"354":{"start":{"line":1142,"column":4},"end":{"line":1161,"column":null}},"355":{"start":{"line":1143,"column":25},"end":{"line":1145,"column":null}},"356":{"start":{"line":1144,"column":15},"end":{"line":1144,"column":null}},"357":{"start":{"line":1146,"column":33},"end":{"line":1151,"column":null}},"358":{"start":{"line":1152,"column":6},"end":{"line":1160,"column":null}},"359":{"start":{"line":1153,"column":8},"end":{"line":1153,"column":null}},"360":{"start":{"line":1155,"column":8},"end":{"line":1159,"column":null}},"361":{"start":{"line":1163,"column":4},"end":{"line":1163,"column":null}},"362":{"start":{"line":1165,"column":4},"end":{"line":1165,"column":null}},"363":{"start":{"line":1185,"column":2},"end":{"line":1185,"column":null}},"364":{"start":{"line":1193,"column":18},"end":{"line":1193,"column":null}},"365":{"start":{"line":1194,"column":2},"end":{"line":1199,"column":null}},"366":{"start":{"line":1195,"column":4},"end":{"line":1198,"column":null}},"367":{"start":{"line":1200,"column":2},"end":{"line":1200,"column":null}},"368":{"start":{"line":1205,"column":2},"end":{"line":1205,"column":null}},"369":{"start":{"line":1221,"column":16},"end":{"line":1221,"column":null}},"370":{"start":{"line":1222,"column":2},"end":{"line":1222,"column":null}},"371":{"start":{"line":1222,"column":14},"end":{"line":1222,"column":null}},"372":{"start":{"line":1223,"column":15},"end":{"line":1223,"column":null}},"373":{"start":{"line":1224,"column":13},"end":{"line":1224,"column":null}},"374":{"start":{"line":1225,"column":14},"end":{"line":1225,"column":null}},"375":{"start":{"line":1226,"column":14},"end":{"line":1226,"column":null}},"376":{"start":{"line":1227,"column":14},"end":{"line":1227,"column":null}},"377":{"start":{"line":1228,"column":2},"end":{"line":1241,"column":null}},"378":{"start":{"line":1232,"column":15},"end":{"line":1234,"column":null}},"379":{"start":{"line":1235,"column":4},"end":{"line":1235,"column":null}},"380":{"start":{"line":1235,"column":13},"end":{"line":1235,"column":null}},"381":{"start":{"line":1236,"column":18},"end":{"line":1236,"column":null}},"382":{"start":{"line":1237,"column":4},"end":{"line":1240,"column":null}},"383":{"start":{"line":1237,"column":30},"end":{"line":1237,"column":null}},"384":{"start":{"line":1238,"column":9},"end":{"line":1240,"column":null}},"385":{"start":{"line":1238,"column":72},"end":{"line":1238,"column":null}},"386":{"start":{"line":1239,"column":9},"end":{"line":1240,"column":null}},"387":{"start":{"line":1239,"column":32},"end":{"line":1239,"column":null}},"388":{"start":{"line":1240,"column":9},"end":{"line":1240,"column":null}},"389":{"start":{"line":1242,"column":2},"end":{"line":1242,"column":null}},"390":{"start":{"line":1252,"column":16},"end":{"line":1252,"column":null}},"391":{"start":{"line":1253,"column":2},"end":{"line":1253,"column":null}},"392":{"start":{"line":1253,"column":18},"end":{"line":1253,"column":null}},"393":{"start":{"line":1254,"column":2},"end":{"line":1254,"column":null}},"394":{"start":{"line":1254,"column":18},"end":{"line":1254,"column":null}},"395":{"start":{"line":1255,"column":2},"end":{"line":1255,"column":null}},"396":{"start":{"line":1265,"column":12},"end":{"line":1265,"column":null}},"397":{"start":{"line":1266,"column":2},"end":{"line":1266,"column":null}},"398":{"start":{"line":1284,"column":17},"end":{"line":1284,"column":null}},"399":{"start":{"line":1285,"column":2},"end":{"line":1285,"column":null}},"400":{"start":{"line":1285,"column":15},"end":{"line":1285,"column":null}},"401":{"start":{"line":1286,"column":2},"end":{"line":1291,"column":null}},"402":{"start":{"line":1312,"column":17},"end":{"line":1312,"column":null}},"403":{"start":{"line":1313,"column":15},"end":{"line":1313,"column":null}},"404":{"start":{"line":1314,"column":18},"end":{"line":1314,"column":null}},"405":{"start":{"line":1315,"column":19},"end":{"line":1315,"column":null}},"406":{"start":{"line":1316,"column":19},"end":{"line":1316,"column":null}},"407":{"start":{"line":1317,"column":19},"end":{"line":1317,"column":null}},"408":{"start":{"line":1319,"column":19},"end":{"line":1319,"column":null}},"409":{"start":{"line":1320,"column":8},"end":{"line":1322,"column":null}},"410":{"start":{"line":1323,"column":19},"end":{"line":1323,"column":null}},"411":{"start":{"line":1324,"column":19},"end":{"line":1324,"column":null}},"412":{"start":{"line":1326,"column":17},"end":{"line":1331,"column":null}},"413":{"start":{"line":1333,"column":2},"end":{"line":1339,"column":null}},"414":{"start":{"line":1342,"column":49},"end":{"line":1342,"column":null}},"415":{"start":{"line":1348,"column":19},"end":{"line":1348,"column":null}},"416":{"start":{"line":1349,"column":2},"end":{"line":1352,"column":null}},"417":{"start":{"line":1350,"column":16},"end":{"line":1350,"column":null}},"418":{"start":{"line":1351,"column":4},"end":{"line":1351,"column":null}},"419":{"start":{"line":1351,"column":20},"end":{"line":1351,"column":null}},"420":{"start":{"line":1353,"column":15},"end":{"line":1353,"column":null}},"421":{"start":{"line":1354,"column":24},"end":{"line":1354,"column":null}},"422":{"start":{"line":1354,"column":51},"end":{"line":1354,"column":71}},"423":{"start":{"line":1357,"column":2},"end":{"line":1359,"column":null}},"424":{"start":{"line":1358,"column":4},"end":{"line":1358,"column":null}},"425":{"start":{"line":1360,"column":26},"end":{"line":1362,"column":null}},"426":{"start":{"line":1361,"column":11},"end":{"line":1361,"column":null}},"427":{"start":{"line":1363,"column":2},"end":{"line":1402,"column":null}},"428":{"start":{"line":1367,"column":20},"end":{"line":1367,"column":null}},"429":{"start":{"line":1368,"column":28},"end":{"line":1370,"column":null}},"430":{"start":{"line":1369,"column":13},"end":{"line":1369,"column":null}},"431":{"start":{"line":1371,"column":25},"end":{"line":1373,"column":null}},"432":{"start":{"line":1372,"column":13},"end":{"line":1372,"column":null}},"433":{"start":{"line":1374,"column":29},"end":{"line":1379,"column":null}},"434":{"start":{"line":1380,"column":31},"end":{"line":1385,"column":null}},"435":{"start":{"line":1386,"column":29},"end":{"line":1389,"column":null}},"436":{"start":{"line":1390,"column":15},"end":{"line":1390,"column":null}},"437":{"start":{"line":1391,"column":4},"end":{"line":1401,"column":null}},"438":{"start":{"line":1403,"column":13},"end":{"line":1403,"column":null}},"439":{"start":{"line":1404,"column":2},"end":{"line":1414,"column":null}},"440":{"start":{"line":1421,"column":38},"end":{"line":1421,"column":null}},"441":{"start":{"line":1422,"column":24},"end":{"line":1422,"column":null}},"442":{"start":{"line":1423,"column":18},"end":{"line":1423,"column":null}},"443":{"start":{"line":1424,"column":13},"end":{"line":1424,"column":null}},"444":{"start":{"line":1425,"column":2},"end":{"line":1428,"column":null}},"445":{"start":{"line":1437,"column":2},"end":{"line":1437,"column":null}},"446":{"start":{"line":1452,"column":2},"end":{"line":1455,"column":null}},"447":{"start":{"line":1477,"column":47},"end":{"line":1483,"column":null}},"448":{"start":{"line":1485,"column":37},"end":{"line":1485,"column":null}},"449":{"start":{"line":1499,"column":4},"end":{"line":1499,"column":null}},"450":{"start":{"line":1500,"column":14},"end":{"line":1500,"column":null}},"451":{"start":{"line":1501,"column":2},"end":{"line":1501,"column":null}},"452":{"start":{"line":1512,"column":4},"end":{"line":1512,"column":null}},"453":{"start":{"line":1513,"column":14},"end":{"line":1513,"column":null}},"454":{"start":{"line":1514,"column":2},"end":{"line":1514,"column":null}},"455":{"start":{"line":1524,"column":14},"end":{"line":1524,"column":null}},"456":{"start":{"line":1525,"column":14},"end":{"line":1525,"column":null}},"457":{"start":{"line":1526,"column":2},"end":{"line":1526,"column":null}},"458":{"start":{"line":1546,"column":2},"end":{"line":1546,"column":null}},"459":{"start":{"line":1566,"column":2},"end":{"line":1573,"column":null}},"460":{"start":{"line":1568,"column":6},"end":{"line":1568,"column":null}},"461":{"start":{"line":1570,"column":6},"end":{"line":1570,"column":null}},"462":{"start":{"line":1572,"column":6},"end":{"line":1572,"column":null}},"463":{"start":{"line":1589,"column":57},"end":{"line":1617,"column":null}},"464":{"start":{"line":1606,"column":17},"end":{"line":1606,"column":59}},"465":{"start":{"line":1627,"column":18},"end":{"line":1627,"column":null}},"466":{"start":{"line":1628,"column":2},"end":{"line":1628,"column":null}},"467":{"start":{"line":1628,"column":28},"end":{"line":1628,"column":null}},"468":{"start":{"line":1629,"column":13},"end":{"line":1629,"column":null}},"469":{"start":{"line":1630,"column":2},"end":{"line":1630,"column":null}},"470":{"start":{"line":1630,"column":40},"end":{"line":1630,"column":68}},"471":{"start":{"line":1648,"column":25},"end":{"line":1648,"column":null}},"472":{"start":{"line":1649,"column":13},"end":{"line":1649,"column":null}},"473":{"start":{"line":1650,"column":18},"end":{"line":1650,"column":null}},"474":{"start":{"line":1652,"column":2},"end":{"line":1655,"column":null}},"475":{"start":{"line":1654,"column":4},"end":{"line":1654,"column":null}},"476":{"start":{"line":1656,"column":2},"end":{"line":1656,"column":null}},"477":{"start":{"line":1673,"column":56},"end":{"line":1673,"column":null}},"478":{"start":{"line":1674,"column":15},"end":{"line":1674,"column":null}},"479":{"start":{"line":1675,"column":19},"end":{"line":1675,"column":null}},"480":{"start":{"line":1678,"column":47},"end":{"line":1682,"column":null}},"481":{"start":{"line":1683,"column":13},"end":{"line":1683,"column":null}},"482":{"start":{"line":1684,"column":18},"end":{"line":1684,"column":null}},"483":{"start":{"line":1686,"column":2},"end":{"line":1691,"column":null}},"484":{"start":{"line":1687,"column":20},"end":{"line":1687,"column":null}},"485":{"start":{"line":1688,"column":18},"end":{"line":1688,"column":null}},"486":{"start":{"line":1689,"column":31},"end":{"line":1689,"column":null}},"487":{"start":{"line":1690,"column":4},"end":{"line":1690,"column":null}},"488":{"start":{"line":1692,"column":2},"end":{"line":1692,"column":null}},"489":{"start":{"line":1722,"column":27},"end":{"line":1722,"column":null}},"490":{"start":{"line":1726,"column":47},"end":{"line":1730,"column":null}},"491":{"start":{"line":1731,"column":13},"end":{"line":1731,"column":null}},"492":{"start":{"line":1732,"column":18},"end":{"line":1732,"column":null}},"493":{"start":{"line":1734,"column":2},"end":{"line":1739,"column":null}},"494":{"start":{"line":1735,"column":4},"end":{"line":1738,"column":null}},"495":{"start":{"line":1740,"column":2},"end":{"line":1740,"column":null}},"496":{"start":{"line":1758,"column":12},"end":{"line":1758,"column":null}},"497":{"start":{"line":1759,"column":15},"end":{"line":1759,"column":null}},"498":{"start":{"line":1763,"column":16},"end":{"line":1763,"column":null}},"499":{"start":{"line":1764,"column":15},"end":{"line":1767,"column":null}},"500":{"start":{"line":1768,"column":18},"end":{"line":1768,"column":null}},"501":{"start":{"line":1769,"column":2},"end":{"line":1772,"column":null}},"502":{"start":{"line":1786,"column":12},"end":{"line":1786,"column":null}},"503":{"start":{"line":1787,"column":12},"end":{"line":1787,"column":null}},"504":{"start":{"line":1788,"column":16},"end":{"line":1788,"column":null}},"505":{"start":{"line":1789,"column":15},"end":{"line":1792,"column":null}},"506":{"start":{"line":1793,"column":18},"end":{"line":1793,"column":null}},"507":{"start":{"line":1794,"column":2},"end":{"line":1794,"column":null}},"508":{"start":{"line":1810,"column":2},"end":{"line":1810,"column":null}},"509":{"start":{"line":1810,"column":35},"end":{"line":1810,"column":null}},"510":{"start":{"line":1811,"column":2},"end":{"line":1811,"column":null}},"511":{"start":{"line":1811,"column":32},"end":{"line":1811,"column":null}},"512":{"start":{"line":1812,"column":2},"end":{"line":1812,"column":null}},"513":{"start":{"line":1825,"column":14},"end":{"line":1825,"column":null}},"514":{"start":{"line":1826,"column":16},"end":{"line":1826,"column":null}},"515":{"start":{"line":1827,"column":17},"end":{"line":1827,"column":null}},"516":{"start":{"line":1828,"column":2},"end":{"line":1828,"column":null}},"517":{"start":{"line":1844,"column":2},"end":{"line":1850,"column":null}},"518":{"start":{"line":1845,"column":4},"end":{"line":1845,"column":null}},"519":{"start":{"line":1845,"column":58},"end":{"line":1845,"column":null}},"520":{"start":{"line":1849,"column":4},"end":{"line":1849,"column":null}},"521":{"start":{"line":1851,"column":2},"end":{"line":1853,"column":null}},"522":{"start":{"line":1852,"column":4},"end":{"line":1852,"column":null}},"523":{"start":{"line":1854,"column":2},"end":{"line":1856,"column":null}},"524":{"start":{"line":1855,"column":4},"end":{"line":1855,"column":null}},"525":{"start":{"line":1857,"column":2},"end":{"line":1857,"column":null}},"526":{"start":{"line":1881,"column":4},"end":{"line":1885,"column":null}},"527":{"start":{"line":1887,"column":2},"end":{"line":1894,"column":null}},"528":{"start":{"line":1888,"column":20},"end":{"line":1888,"column":null}},"529":{"start":{"line":1889,"column":14},"end":{"line":1889,"column":null}},"530":{"start":{"line":1890,"column":4},"end":{"line":1893,"column":null}},"531":{"start":{"line":1891,"column":18},"end":{"line":1891,"column":null}},"532":{"start":{"line":1892,"column":6},"end":{"line":1892,"column":null}},"533":{"start":{"line":1897,"column":20},"end":{"line":1897,"column":null}},"534":{"start":{"line":1898,"column":2},"end":{"line":1900,"column":null}},"535":{"start":{"line":1899,"column":4},"end":{"line":1899,"column":null}},"536":{"start":{"line":1901,"column":2},"end":{"line":1901,"column":null}},"537":{"start":{"line":1909,"column":13},"end":{"line":1912,"column":null}},"538":{"start":{"line":1913,"column":2},"end":{"line":1913,"column":null}},"539":{"start":{"line":1932,"column":20},"end":{"line":1932,"column":null}},"540":{"start":{"line":1933,"column":12},"end":{"line":1933,"column":null}},"541":{"start":{"line":1934,"column":22},"end":{"line":1934,"column":null}},"542":{"start":{"line":1936,"column":21},"end":{"line":1936,"column":null}},"543":{"start":{"line":1938,"column":2},"end":{"line":1947,"column":null}},"544":{"start":{"line":1939,"column":20},"end":{"line":1939,"column":null}},"545":{"start":{"line":1940,"column":18},"end":{"line":1940,"column":null}},"546":{"start":{"line":1941,"column":4},"end":{"line":1946,"column":null}},"547":{"start":{"line":1942,"column":18},"end":{"line":1942,"column":null}},"548":{"start":{"line":1943,"column":6},"end":{"line":1944,"column":null}},"549":{"start":{"line":1949,"column":20},"end":{"line":1949,"column":null}},"550":{"start":{"line":1950,"column":2},"end":{"line":1957,"column":null}},"551":{"start":{"line":1951,"column":4},"end":{"line":1955,"column":null}},"552":{"start":{"line":1958,"column":2},"end":{"line":1958,"column":null}},"553":{"start":{"line":1979,"column":13},"end":{"line":1979,"column":null}},"554":{"start":{"line":1985,"column":2},"end":{"line":1990,"column":null}},"555":{"start":{"line":1986,"column":20},"end":{"line":1986,"column":null}},"556":{"start":{"line":1987,"column":4},"end":{"line":1987,"column":null}},"557":{"start":{"line":1987,"column":34},"end":{"line":1987,"column":null}},"558":{"start":{"line":1988,"column":4},"end":{"line":1988,"column":null}},"559":{"start":{"line":1988,"column":38},"end":{"line":1988,"column":null}},"560":{"start":{"line":1989,"column":4},"end":{"line":1989,"column":null}},"561":{"start":{"line":2003,"column":13},"end":{"line":2003,"column":null}},"562":{"start":{"line":2004,"column":2},"end":{"line":2004,"column":null}},"563":{"start":{"line":2004,"column":31},"end":{"line":2004,"column":48}},"564":{"start":{"line":2021,"column":15},"end":{"line":2021,"column":null}},"565":{"start":{"line":2022,"column":28},"end":{"line":2022,"column":null}},"566":{"start":{"line":2023,"column":2},"end":{"line":2026,"column":null}},"567":{"start":{"line":2024,"column":4},"end":{"line":2024,"column":null}},"568":{"start":{"line":2025,"column":4},"end":{"line":2025,"column":null}},"569":{"start":{"line":2027,"column":2},"end":{"line":2027,"column":null}},"570":{"start":{"line":2038,"column":15},"end":{"line":2038,"column":null}},"571":{"start":{"line":2039,"column":16},"end":{"line":2039,"column":null}},"572":{"start":{"line":2040,"column":2},"end":{"line":2050,"column":null}},"573":{"start":{"line":2041,"column":15},"end":{"line":2041,"column":null}},"574":{"start":{"line":2042,"column":4},"end":{"line":2042,"column":null}},"575":{"start":{"line":2042,"column":22},"end":{"line":2042,"column":null}},"576":{"start":{"line":2043,"column":4},"end":{"line":2043,"column":null}},"577":{"start":{"line":2044,"column":16},"end":{"line":2044,"column":null}},"578":{"start":{"line":2044,"column":38},"end":{"line":2044,"column":52}},"579":{"start":{"line":2045,"column":4},"end":{"line":2049,"column":null}},"580":{"start":{"line":2046,"column":6},"end":{"line":2048,"column":null}},"581":{"start":{"line":2047,"column":8},"end":{"line":2047,"column":null}},"582":{"start":{"line":2051,"column":2},"end":{"line":2051,"column":null}},"583":{"start":{"line":2065,"column":20},"end":{"line":2065,"column":null}},"584":{"start":{"line":2066,"column":2},"end":{"line":2066,"column":null}},"585":{"start":{"line":2066,"column":33},"end":{"line":2066,"column":56}},"586":{"start":{"line":2092,"column":34},"end":{"line":2092,"column":null}},"587":{"start":{"line":2093,"column":18},"end":{"line":2093,"column":null}},"588":{"start":{"line":2094,"column":8},"end":{"line":2105,"column":null}},"589":{"start":{"line":2095,"column":19},"end":{"line":2095,"column":null}},"590":{"start":{"line":2095,"column":41},"end":{"line":2095,"column":64}},"591":{"start":{"line":2096,"column":4},"end":{"line":2096,"column":null}},"592":{"start":{"line":2096,"column":17},"end":{"line":2096,"column":null}},"593":{"start":{"line":2097,"column":4},"end":{"line":2104,"column":null}},"594":{"start":{"line":2098,"column":6},"end":{"line":2098,"column":null}},"595":{"start":{"line":2098,"column":28},"end":{"line":2098,"column":null}},"596":{"start":{"line":2099,"column":18},"end":{"line":2099,"column":null}},"597":{"start":{"line":2099,"column":40},"end":{"line":2099,"column":55}},"598":{"start":{"line":2100,"column":6},"end":{"line":2100,"column":null}},"599":{"start":{"line":2100,"column":16},"end":{"line":2100,"column":null}},"600":{"start":{"line":2101,"column":6},"end":{"line":2101,"column":null}},"601":{"start":{"line":2102,"column":6},"end":{"line":2102,"column":null}},"602":{"start":{"line":2103,"column":6},"end":{"line":2103,"column":null}},"603":{"start":{"line":2106,"column":2},"end":{"line":2106,"column":null}},"604":{"start":{"line":2107,"column":2},"end":{"line":2107,"column":null}},"605":{"start":{"line":2120,"column":18},"end":{"line":2120,"column":null}},"606":{"start":{"line":2121,"column":20},"end":{"line":2121,"column":null}},"607":{"start":{"line":2121,"column":47},"end":{"line":2121,"column":54}},"608":{"start":{"line":2122,"column":21},"end":{"line":2122,"column":null}},"609":{"start":{"line":2123,"column":2},"end":{"line":2127,"column":null}},"610":{"start":{"line":2124,"column":4},"end":{"line":2126,"column":null}},"611":{"start":{"line":2125,"column":6},"end":{"line":2125,"column":null}},"612":{"start":{"line":2125,"column":30},"end":{"line":2125,"column":null}},"613":{"start":{"line":2128,"column":2},"end":{"line":2128,"column":null}},"614":{"start":{"line":2128,"column":31},"end":{"line":2128,"column":55}},"615":{"start":{"line":2137,"column":55},"end":{"line":2141,"column":null}},"616":{"start":{"line":2148,"column":2},"end":{"line":2172,"column":null}},"617":{"start":{"line":2149,"column":10},"end":{"line":2149,"column":null}},"618":{"start":{"line":2150,"column":25},"end":{"line":2150,"column":null}},"619":{"start":{"line":2150,"column":71},"end":{"line":2150,"column":94}},"620":{"start":{"line":2151,"column":15},"end":{"line":2158,"column":null}},"621":{"start":{"line":2154,"column":10},"end":{"line":2154,"column":null}},"622":{"start":{"line":2159,"column":4},"end":{"line":2159,"column":null}},"623":{"start":{"line":2159,"column":13},"end":{"line":2159,"column":null}},"624":{"start":{"line":2160,"column":16},"end":{"line":2160,"column":null}},"625":{"start":{"line":2161,"column":4},"end":{"line":2163,"column":null}},"626":{"start":{"line":2162,"column":6},"end":{"line":2162,"column":null}},"627":{"start":{"line":2164,"column":4},"end":{"line":2167,"column":null}},"628":{"start":{"line":2165,"column":6},"end":{"line":2165,"column":null}},"629":{"start":{"line":2166,"column":6},"end":{"line":2166,"column":null}},"630":{"start":{"line":2168,"column":4},"end":{"line":2168,"column":null}},"631":{"start":{"line":2170,"column":4},"end":{"line":2170,"column":null}},"632":{"start":{"line":2171,"column":4},"end":{"line":2171,"column":null}},"633":{"start":{"line":2181,"column":2},"end":{"line":2183,"column":null}},"634":{"start":{"line":2182,"column":4},"end":{"line":2182,"column":null}},"635":{"start":{"line":2184,"column":2},"end":{"line":2191,"column":null}},"636":{"start":{"line":2185,"column":4},"end":{"line":2190,"column":null}},"637":{"start":{"line":2186,"column":6},"end":{"line":2188,"column":null}},"638":{"start":{"line":2187,"column":8},"end":{"line":2187,"column":null}},"639":{"start":{"line":2189,"column":6},"end":{"line":2189,"column":null}},"640":{"start":{"line":2192,"column":2},"end":{"line":2192,"column":null}},"641":{"start":{"line":2201,"column":14},"end":{"line":2201,"column":null}},"642":{"start":{"line":2202,"column":10},"end":{"line":2202,"column":null}},"643":{"start":{"line":2203,"column":2},"end":{"line":2206,"column":null}},"644":{"start":{"line":2204,"column":4},"end":{"line":2204,"column":null}},"645":{"start":{"line":2205,"column":4},"end":{"line":2205,"column":null}},"646":{"start":{"line":2207,"column":2},"end":{"line":2207,"column":null}},"647":{"start":{"line":2231,"column":19},"end":{"line":2231,"column":null}},"648":{"start":{"line":2231,"column":41},"end":{"line":2231,"column":58}},"649":{"start":{"line":2232,"column":2},"end":{"line":2232,"column":null}},"650":{"start":{"line":2232,"column":17},"end":{"line":2232,"column":null}},"651":{"start":{"line":2233,"column":2},"end":{"line":2233,"column":null}},"652":{"start":{"line":2233,"column":28},"end":{"line":2233,"column":null}},"653":{"start":{"line":2236,"column":2},"end":{"line":2254,"column":null}},"654":{"start":{"line":2237,"column":4},"end":{"line":2237,"column":null}},"655":{"start":{"line":2238,"column":9},"end":{"line":2254,"column":null}},"656":{"start":{"line":2243,"column":27},"end":{"line":2246,"column":null}},"657":{"start":{"line":2247,"column":4},"end":{"line":2247,"column":null}},"658":{"start":{"line":2251,"column":4},"end":{"line":2253,"column":null}},"659":{"start":{"line":2264,"column":24},"end":{"line":2264,"column":null}},"660":{"start":{"line":2265,"column":2},"end":{"line":2275,"column":null}},"661":{"start":{"line":2268,"column":18},"end":{"line":2268,"column":null}},"662":{"start":{"line":2269,"column":6},"end":{"line":2271,"column":null}},"663":{"start":{"line":2270,"column":8},"end":{"line":2270,"column":null}},"664":{"start":{"line":2272,"column":20},"end":{"line":2272,"column":null}},"665":{"start":{"line":2273,"column":6},"end":{"line":2273,"column":null}},"666":{"start":{"line":2296,"column":2},"end":{"line":2298,"column":null}},"667":{"start":{"line":2306,"column":23},"end":{"line":2306,"column":null}},"668":{"start":{"line":2307,"column":2},"end":{"line":2307,"column":null}},"669":{"start":{"line":2329,"column":15},"end":{"line":2329,"column":null}},"670":{"start":{"line":2330,"column":2},"end":{"line":2330,"column":null}},"671":{"start":{"line":2338,"column":61},"end":{"line":2341,"column":null}},"672":{"start":{"line":2373,"column":15},"end":{"line":2377,"column":null}},"673":{"start":{"line":2378,"column":2},"end":{"line":2378,"column":null}},"674":{"start":{"line":2410,"column":18},"end":{"line":2410,"column":null}},"675":{"start":{"line":2411,"column":12},"end":{"line":2411,"column":null}},"676":{"start":{"line":2412,"column":2},"end":{"line":2412,"column":null}},"677":{"start":{"line":2412,"column":10},"end":{"line":2412,"column":null}},"678":{"start":{"line":2413,"column":2},"end":{"line":2413,"column":null}},"679":{"start":{"line":2422,"column":36},"end":{"line":2422,"column":null}},"680":{"start":{"line":2424,"column":2},"end":{"line":2470,"column":null}},"681":{"start":{"line":2425,"column":4},"end":{"line":2434,"column":null}},"682":{"start":{"line":2429,"column":6},"end":{"line":2432,"column":null}},"683":{"start":{"line":2430,"column":24},"end":{"line":2430,"column":null}},"684":{"start":{"line":2431,"column":8},"end":{"line":2431,"column":null}},"685":{"start":{"line":2431,"column":21},"end":{"line":2431,"column":null}},"686":{"start":{"line":2433,"column":6},"end":{"line":2433,"column":null}},"687":{"start":{"line":2435,"column":4},"end":{"line":2444,"column":null}},"688":{"start":{"line":2439,"column":6},"end":{"line":2442,"column":null}},"689":{"start":{"line":2440,"column":27},"end":{"line":2440,"column":null}},"690":{"start":{"line":2441,"column":8},"end":{"line":2441,"column":null}},"691":{"start":{"line":2441,"column":24},"end":{"line":2441,"column":null}},"692":{"start":{"line":2443,"column":6},"end":{"line":2443,"column":null}},"693":{"start":{"line":2445,"column":4},"end":{"line":2445,"column":null}},"694":{"start":{"line":2445,"column":45},"end":{"line":2445,"column":null}},"695":{"start":{"line":2447,"column":17},"end":{"line":2447,"column":null}},"696":{"start":{"line":2449,"column":4},"end":{"line":2464,"column":null}},"697":{"start":{"line":2455,"column":45},"end":{"line":2455,"column":null}},"698":{"start":{"line":2457,"column":8},"end":{"line":2457,"column":null}},"699":{"start":{"line":2458,"column":6},"end":{"line":2463,"column":null}},"700":{"start":{"line":2466,"column":4},"end":{"line":2468,"column":null}},"701":{"start":{"line":2467,"column":6},"end":{"line":2467,"column":null}},"702":{"start":{"line":2469,"column":4},"end":{"line":2469,"column":null}}},"fnMap":{"0":{"name":"generateId","decl":{"start":{"line":32,"column":9},"end":{"line":32,"column":30}},"loc":{"start":{"line":32,"column":30},"end":{"line":36,"column":null}},"line":32},"1":{"name":"extractTitle","decl":{"start":{"line":39,"column":9},"end":{"line":39,"column":22}},"loc":{"start":{"line":39,"column":48},"end":{"line":49,"column":null}},"line":39},"2":{"name":"(anonymous_2)","decl":{"start":{"line":40,"column":38},"end":{"line":40,"column":null}},"loc":{"start":{"line":41,"column":15},"end":{"line":41,"column":null}},"line":41},"3":{"name":"(anonymous_3)","decl":{"start":{"line":45,"column":5},"end":{"line":45,"column":13}},"loc":{"start":{"line":45,"column":19},"end":{"line":45,"column":36}},"line":45},"4":{"name":"(anonymous_4)","decl":{"start":{"line":46,"column":5},"end":{"line":46,"column":10}},"loc":{"start":{"line":46,"column":17},"end":{"line":46,"column":60}},"line":46},"5":{"name":"tagToType","decl":{"start":{"line":74,"column":9},"end":{"line":74,"column":19}},"loc":{"start":{"line":74,"column":53},"end":{"line":76,"column":null}},"line":74},"6":{"name":"untitledLabel","decl":{"start":{"line":78,"column":9},"end":{"line":78,"column":23}},"loc":{"start":{"line":78,"column":44},"end":{"line":80,"column":null}},"line":78},"7":{"name":"trimTrailingWhitespaceNodes","decl":{"start":{"line":90,"column":9},"end":{"line":90,"column":null}},"loc":{"start":{"line":92,"column":20},"end":{"line":100,"column":null}},"line":92},"8":{"name":"trimBoundaryWhitespaceNodes","decl":{"start":{"line":102,"column":9},"end":{"line":102,"column":null}},"loc":{"start":{"line":104,"column":20},"end":{"line":121,"column":null}},"line":104},"9":{"name":"trimBoundaryBlankLines","decl":{"start":{"line":124,"column":9},"end":{"line":124,"column":32}},"loc":{"start":{"line":124,"column":55},"end":{"line":128,"column":null}},"line":124},"10":{"name":"safeFromXml","decl":{"start":{"line":137,"column":9},"end":{"line":137,"column":21}},"loc":{"start":{"line":137,"column":47},"end":{"li
[...]
e":47,"column":null}},"type":"binary-expr","locations":[{"start":{"line":47,"column":2},"end":{"line":47,"column":23}},{"start":{"line":47,"column":23},"end":{"line":47,"column":null}}],"line":47},"1":{"loc":{"start":{"line":354,"column":6},"end":{"line":354,"column":null}},"type":"cond-expr","locations":[{"start":{"line":354,"column":38},"end":{"line":354,"column":64}},{"start":{"line":354,"column":64},"end":{"line":354,"column":null}}],"line":354},"2":{"loc":{"start":{"line":374,"column":8},"end":{"line":374,"column":null}},"type":"if","locations":[{"start":{"line":374,"column":8},"end":{"line":374,"column":null}},{"start":{},"end":{}}],"line":374},"3":{"loc":{"start":{"line":377,"column":10},"end":{"line":380,"column":null}},"type":"if","locations":[{"start":{"line":377,"column":10},"end":{"line":380,"column":null}},{"start":{},"end":{}}],"line":377},"4":{"loc":{"start":{"line":377,"column":14},"end":{"line":377,"column":57}},"type":"binary-expr","locations":[{"start":{"line":377,"column":14},"end":{"line":377,"column":35}},{"start":{"line":377,"column":35},"end":{"line":377,"column":57}}],"line":377},"5":{"loc":{"start":{"line":383,"column":15},"end":{"line":383,"column":null}},"type":"cond-expr","locations":[{"start":{"line":383,"column":25},"end":{"line":383,"column":41}},{"start":{"line":383,"column":41},"end":{"line":383,"column":null}}],"line":383},"6":{"loc":{"start":{"line":387,"column":8},"end":{"line":387,"column":null}},"type":"if","locations":[{"start":{"line":387,"column":8},"end":{"line":387,"column":null}},{"start":{},"end":{}}],"line":387},"7":{"loc":{"start":{"line":389,"column":10},"end":{"line":399,"column":null}},"type":"cond-expr","locations":[{"start":{"line":390,"column":14},"end":{"line":398,"column":null}},{"start":{"line":399,"column":14},"end":{"line":399,"column":null}}],"line":389},"8":{"loc":{"start":{"line":392,"column":18},"end":{"line":392,"column":null}},"type":"binary-expr","locations":[{"start":{"line":392,"column":18},"end":{"line":392,"column":49}},{"start":{"line":392,"column":49},"end":{"line":392,"column":null}}],"line":392},"9":{"loc":{"start":{"line":393,"column":18},"end":{"line":393,"column":null}},"type":"binary-expr","locations":[{"start":{"line":393,"column":18},"end":{"line":393,"column":48}},{"start":{"line":393,"column":48},"end":{"line":393,"column":null}}],"line":393},"10":{"loc":{"start":{"line":394,"column":18},"end":{"line":394,"column":null}},"type":"binary-expr","locations":[{"start":{"line":394,"column":18},"end":{"line":394,"column":43}},{"start":{"line":394,"column":43},"end":{"line":394,"column":null}}],"line":394},"11":{"loc":{"start":{"line":395,"column":18},"end":{"line":397,"column":null}},"type":"binary-expr","locations":[{"start":{"line":395,"column":18},"end":{"line":395,"column":56}},{"start":{"line":395,"column":56},"end":{"line":397,"column":null}}],"line":395},"12":{"loc":{"start":{"line":405,"column":25},"end":{"line":405,"column":null}},"type":"binary-expr","locations":[{"start":{"line":405,"column":25},"end":{"line":405,"column":40}},{"start":{"line":405,"column":40},"end":{"line":405,"column":null}}],"line":405},"13":{"loc":{"start":{"line":406,"column":8},"end":{"line":406,"column":null}},"type":"if","locations":[{"start":{"line":406,"column":8},"end":{"line":406,"column":null}},{"start":{},"end":{}}],"line":406},"14":{"loc":{"start":{"line":411,"column":20},"end":{"line":411,"column":39}},"type":"binary-expr","locations":[{"start":{"line":411,"column":20},"end":{"line":411,"column":35}},{"start":{"line":411,"column":35},"end":{"line":411,"column":39}}],"line":411},"15":{"loc":{"start":{"line":424,"column":10},"end":{"line":424,"column":null}},"type":"cond-expr","locations":[{"start":{"line":424,"column":40},"end":{"line":424,"column":66}},{"start":{"line":424,"column":66},"end":{"line":424,"column":null}}],"line":424},"16":{"loc":{"start":{"line":448,"column":8},"end":{"line":461,"column":null}},"type":"cond-expr","locations":[{"start":{"line":448,"column":33},"end":{"line":452,"column":null}},{"start":{"line":453,"column":12},"end":{"line":461,"column":null}}],"line":448},"17":{"loc":{"start":{"line":451,"column":28},"end":{"line":451,"column":58}},"type":"binary-expr","locations":[{"start":{"line":451,"column":28},"end":{"line":451,"column":43}},{"start":{"line":451,"column":43},"end":{"line":451,"column":58}}],"line":451},"18":{"loc":{"start":{"line":451,"column":65},"end":{"line":451,"column":83}},"type":"binary-expr","locations":[{"start":{"line":451,"column":65},"end":{"line":451,"column":80}},{"start":{"line":451,"column":80},"end":{"line":451,"column":83}}],"line":451},"19":{"loc":{"start":{"line":453,"column":12},"end":{"line":461,"column":null}},"type":"cond-expr","locations":[{"start":{"line":454,"column":14},"end":{"line":457,"column":null}},{"start":{"line":457,"column":12},"end":{"line":461,"column":null}}],"line":453},"20":{"loc":{"start":{"line":455,"column":14},"end":{"line":455,"column":null}},"type":"binary-expr","locations":[{"start":{"line":455,"column":14},"end":{"line":455,"column":65}},{"start":{"line":455,"column":65},"end":{"line":455,"column":null}}],"line":455},"21":{"loc":{"start":{"line":460,"column":30},"end":{"line":460,"column":60}},"type":"binary-expr","locations":[{"start":{"line":460,"column":30},"end":{"line":460,"column":45}},{"start":{"line":460,"column":45},"end":{"line":460,"column":60}}],"line":460},"22":{"loc":{"start":{"line":471,"column":22},"end":{"line":471,"column":null}},"type":"binary-expr","locations":[{"start":{"line":471,"column":22},"end":{"line":471,"column":40}},{"start":{"line":471,"column":40},"end":{"line":471,"column":null}}],"line":471},"23":{"loc":{"start":{"line":477,"column":6},"end":{"line":517,"column":null}},"type":"if","locations":[{"start":{"line":477,"column":6},"end":{"line":517,"column":null}},{"start":{},"end":{}}],"line":477},"24":{"loc":{"start":{"line":477,"column":10},"end":{"line":477,"column":34}},"type":"binary-expr","locations":[{"start":{"line":477,"column":10},"end":{"line":477,"column":23}},{"start":{"line":477,"column":23},"end":{"line":477,"column":34}}],"line":477},"25":{"loc":{"start":{"line":478,"column":26},"end":{"line":478,"column":43}},"type":"binary-expr","locations":[{"start":{"line":478,"column":26},"end":{"line":478,"column":39}},{"start":{"line":478,"column":39},"end":{"line":478,"column":43}}],"line":478},"26":{"loc":{"start":{"line":486,"column":8},"end":{"line":505,"column":null}},"type":"if","locations":[{"start":{"line":486,"column":8},"end":{"line":505,"column":null}},{"start":{},"end":{}}],"line":486},"27":{"loc":{"start":{"line":488,"column":10},"end":{"line":493,"column":null}},"type":"if","locations":[{"start":{"line":488,"column":10},"end":{"line":493,"column":null}},{"start":{},"end":{}}],"line":488},"28":{"loc":{"start":{"line":494,"column":10},"end":{"line":503,"column":null}},"type":"if","locations":[{"start":{"line":494,"column":10},"end":{"line":503,"column":null}},{"start":{},"end":{}}],"line":494},"29":{"loc":{"start":{"line":495,"column":13},"end":{"line":495,"column":30}},"type":"binary-expr","locations":[{"start":{"line":495,"column":13},"end":{"line":495,"column":26}},{"start":{"line":495,"column":26},"end":{"line":495,"column":30}}],"line":495},"30":{"loc":{"start":{"line":496,"column":21},"end":{"line":496,"column":null}},"type":"binary-expr","locations":[{"start":{"line":496,"column":21},"end":{"line":496,"column":46}},{"start":{"line":496,"column":46},"end":{"line":496,"column":null}}],"line":496},"31":{"loc":{"start":{"line":508,"column":17},"end":{"line":508,"column":null}},"type":"binary-expr","locations":[{"start":{"line":508,"column":17},"end":{"line":508,"column":43}},{"start":{"line":508,"column":43},"end":{"line":508,"column":null}}],"line":508},"32":{"loc":{"start":{"line":511,"column":17},"end":{"line":511,"column":null}},"type":"binary-expr","locations":[{"start":{"line":511,"column":17},"end":{"line":511,"column":43}},{"start":{"line":511,"column":43},"end":{"line":511,"column":null}}],"line":511},"33":{"loc":{"start":{"line":536,"column":21},"end":{"line":536,"column":null}},"type":"binary-expr","locations":[{"start":{"line":536,"column":21},"end":{"line":536,"column":40}},{"start":{"line":536,"column":40},"end":{"line":536,"column":null}}],"line":536},"34":{"loc":{"start":{"line":537,"column":8},"end":{"line":537,"column":null}},"type":"if","locations":[{"start":{"line":537,"column":8},"end":{"line":537,"column":null}},{"start":{},"end":{}}],"line":537},"35":{"loc":{"start":{"line":542,"column":21},"end":{"line":542,"column":null}},"type":"binary-expr","locations":[{"start":{"line":542,"column":21},"end":{"line":542,"column":40}},{"start":{"line":542,"column":40},"end":{"line":542,"column":null}}],"line":542},"36":{"loc":{"start":{"line":543,"column":15},"end":{"line":545,"column":null}},"type":"cond-expr","locations":[{"start":{"line":544,"column":12},"end":{"line":544,"column":null}},{"start":{"line":545,"column":12},"end":{"line":545,"column":null}}],"line":543},"37":{"loc":{"start":{"line":544,"column":46},"end":{"line":544,"column":81}},"type":"cond-expr","locations":[{"start":{"line":544,"column":71},"end":{"line":544,"column":79}},{"start":{"line":544,"column":79},"end":{"line":544,"column":81}}],"line":544},"38":{"loc":{"start":{"line":549,"column":21},"end":{"line":549,"column":null}},"type":"binary-expr","locations":[{"start":{"line":549,"column":21},"end":{"line":549,"column":40}},{"start":{"line":549,"column":40},"end":{"line":549,"column":null}}],"line":549},"39":{"loc":{"start":{"line":551,"column":17},"end":{"line":551,"column":null}},"type":"binary-expr","locations":[{"start":{"line":551,"column":17},"end":{"line":551,"column":59}},{"start":{"line":551,"column":59},"end":{"line":551,"column":null}}],"line":551},"40":{"loc":{"start":{"line":551,"column":19},"end":{"line":551,"column":59}},"type":"binary-expr","locations":[{"start":{"line":551,"column":19},"end":{"line":551,"column":38}},{"start":{"line":551,"column":38},"end":{"line":551,"column":59}}],"line":551},"41":{"loc":{"start":{"line":557,"column":24},"end":{"line":557,"column":47}},"type":"binary-expr","locations":[{"start":{"line":557,"column":24},"end":{"line":557,"column":43}},{"start":{"line":557,"column":43},"end":{"line":557,"column":47}}],"line":557}},"s":{"0":0,"1":0,"2":0,"3":0,"4":0,"5":0,"6":0,"7":0,"8":0,"9":0,"10":0,"11":0,"12":0,"13":0,"14":0,"15":0,"16":0,"17":0,"18":0,"19":0,"20":0,"21":0,"22":0,"23":0,"24":0,"25":0,"26":0,"27":0,"28":0,"29":0,"30":0,"31":0,"32":0,"33":0,"34":0,"35":0,"36":0,"37":0,"38":0,"39":0,"40":0,"41":0,"42":0,"43":0,"44":0,"45":0,"46":0,"47":0,"48":0,"49":0,"50":0,"51":0,"52":0,"53":0,"54":0,"55":0,"56":0,"57":0,"58":0,"59":0,"60":0,"61":0,"62":0,"63":0,"64":0,"65":0,"66":0,"67":0,"68":0,"69":0,"70":0,"71":0,"72":0,"73":0,"74":0,"75":0,"76":0,"77":0,"78":0,"79":0,"80":0,"81":0,"82":0,"83":0,"84":0,"85":0,"86":0,"87":0,"88":0,"89":0,"90":0,"91":0,"92":0,"93":0,"94":0,"95":0,"96":0,"97":0,"98":0,"99":0,"100":0,"101":0,"102":0,"103":0,"104":0},"f":{"0":0,"1":0,"2":0,"3":0,"4":0,"5":0,"6":0,"7":0,"8":0,"9":0,"10":0,"11":0,"12":0,"13":0,"14":0,"15":0,"16":0,"17":0,"18":0,"19":0,"20":0,"21":0,"22":0,"23":0,"24":0,"25":0,"26":0,"27":0,"28":0,"29":0,"30":0,"31":0,"32":0,"33":0,"34":0,"35":0,"36":0,"37":0,"38":0,"39":0,"40":0,"41":0,"42":0,"43":0,"44":0,"45":0,"46":0,"47":0,"48":0,"49":0,"50":0,"51":0,"52":0,"53":0,"54":0,"55":0,"56":0,"57":0,"58":0,"59":0,"60":0,"61":0,"62":0,"63":0,"64":0,"65":0},"b":{"0":[0,0],"1":[0,0],"2":[0,0],"3":[0,0],"4":[0,0],"5":[0,0],"6":[0,0],"7":[0,0],"8":[0,0],"9":[0,0],"10":[0,0],"11":[0,0],"12":[0,0],"13":[0,0],"14":[0,0],"15":[0,0],"16":[0,0],"17":[0,0],"18":[0,0],"19":[0,0],"20":[0,0],"21":[0,0],"22":[0,0],"23":[0,0],"24":[0,0],"25":[0,0],"26":[0,0],"27":[0,0],"28":[0,0],"29":[0,0],"30":[0,0],"31":[0,0],"32":[0,0],"33":[0,0],"34":[0,0],"35":[0,0],"36":[0,0],"37":[0,0],"38":[0,0],"39":[0,0],"40":[0,0],"41":[0,0]},"meta":{"lastBranch":42,"lastFunction":66,"lastStatement":105,"seen":{"s:46:6:47:Infinity":0,"f:46:6:46:22":0,"s:47:2:47:Infinity":1,"b:47:2:47:23:47:23:47:Infinity":0,"f:314:16:314:34":1,"s:317:8:317:Infinity":2,"f:317:8:317:21":2,"s:318:40:329:Infinity":3,"s:331:8:563:Infinity":4,"f:331:46:331:49":3,"s:331:63:563:4":5,"b:354:38:354:64:354:64:354:Infinity":1,"f:368:4:368:16":4,"s:368:28:368:Infinity":6,"f:371:4:371:26":5,"s:371:38:371:Infinity":7,"f:372:4:372:25":6,"s:373:6:384:Infinity":8,"f:373:6:373:11":7,"b:374:8:374:Infinity:undefined:undefined:undefined:undefined":2,"s:374:8:374:Infinity":9,"s:374:26:374:Infinity":10,"s:375:22:375:Infinity":11,"s:376:26:382:Infinity":12,"f:376:38:376:43":8,"b:377:10:380:Infinity:undefined:undefined:undefined:undefined":3,"s:377:10:380:Infinity":13,"b:377:14:377:35:377:35:377:57":4,"s:378:12:378:Infinity":14,"s:379:12:379:Infinity":15,"s:381:10:381:Infinity":16,"s:383:8:383:Infinity":17,"b:383:25:383:41:383:41:383:Infinity":5,"f:385:4:385:20":9,"s:386:6:402:Infinity":18,"f:386:6:386:11":10,"b:387:8:387:Infinity:undefined:undefined:undefined:undefined":6,"s:387:8:387:Infinity":19,"s:387:26:387:Infinity":20,"s:388:26:400:Infinity":21,"f:388:38:388:43":11,"s:389:10:399:Infinity":22,"b:390:14:398:Infinity:399:14:399:Infinity":7,"b:392:18:392:49:392:49:392:Infinity":8,"b:393:18:393:48:393:48:393:Infinity":9,"b:394:18:394:43:394:43:394:Infinity":10,"b:395:18:395:56:395:56:397:Infinity":11,"s:401:8:401:Infinity":23,"f:403:4:403:24":12,"s:404:6:408:Infinity":24,"f:404:6:404:11":13,"s:405:25:405:Infinity":25,"b:405:25:405:40:405:40:405:Infinity":12,"b:406:8:406:Infinity:undefined:undefined:undefined:undefined":13,"s:406:8:406:Infinity":26,"f:406:21:406:27":14,"s:406:33:406:59":27,"s:406:62:406:Infinity":28,"s:407:8:407:Infinity":29,"f:409:4:409:29":15,"s:410:6:412:Infinity":30,"f:410:6:410:11":16,"s:410:18:412:8":31,"b:411:20:411:35:411:35:411:39":14,"f:411:39:411:47":17,"s:411:53:411:70":32,"f:413:4:413:26":18,"s:413:47:413:Infinity":33,"f:414:4:414:15":19,"s:414:25:414:Infinity":34,"f:415:4:415:17":20,"s:416:6:416:Infinity":35,"f:418:4:418:25":21,"s:418:45:418:Infinity":36,"f:419:4:419:19":22,"s:419:33:419:Infinity":37,"f:420:4:420:24":23,"s:420:43:420:Infinity":38,"f:421:4:421:24":24,"s:422:6:425:Infinity":39,"f:422:6:422:11":25,"s:422:18:425:8":40,"b:424:40:424:66:424:66:424:Infinity":15,"f:426:4:426:16":26,"s:426:26:426:Infinity":41,"f:427:4:427:17":27,"s:427:27:427:Infinity":42,"f:430:4:430:20":28,"s:430:27:430:Infinity":43,"f:431:4:431:17":29,"s:431:33:431:Infinity":44,"f:432:4:432:20":30,"s:432:27:432:Infinity":45,"f:433:4:433:20":31,"s:433:36:433:Infinity":46,"f:434:4:434:28":32,"s:435:6:435:Infinity":47,"f:438:4:438:23":33,"s:448:8:461:Infinity":48,"b:448:33:452:Infinity:453:12:461:Infinity":16,"f:448:33:448:Infinity":34,"s:450:18:450:Infinity":49,"s:451:12:451:Infinity":50,"b:451:28:451:43:451:43:451:58":17,"b:451:65:451:80:451:80:451:83":18,"b:454:14:457:Infinity:457:12:461:Infinity":19,"b:455:14:455:65:455:65:455:Infinity":20,"f:457:12:457:Infinity":35,"s:459:20:459:Infinity":51,"s:460:14:460:Infinity":52,"b:460:30:460:45:460:45:460:60":21,"s:462:6:472:Infinity":53,"b:471:22:471:40:471:40:471:Infinity":22,"f:474:4:474:19":36,"s:474:33:474:Infinity":54,"f:475:4:475:29":37,"s:476:50:476:Infinity":55,"b:477:6:517:Infinity:undefined:undefined:undefined:undefined":23,"s:477:6:517:Infinity":56,"b:477:10:477:23:477:23:477:34":24,"s:478:14:478:Infinity":57,"b:478:26:478:39:478:39:478:43":25,"f:478:43:478:49":38,"s:478:55:478:76":58,"s:485:35:485:Infinity":59,"b:486:8:505:Infinity:undefined:undefined:undefined:undefined":26,"s:486:8:505:Infinity":60,"s:487:16:487:Infinity":61,"b:488:10:493:Infinity:undefined:undefined:undefined:undefined":27,"s:488:10:493:Infinity":62,"s:489:12:491:Infinity":63,"s:492:12:492:Infinity":64,"b:494:10:503:Infinity:undefined:undefined:undefined:undefined":28,"s:494:10:503:Infinity":65,"b:495:13:495:26:495:26:495:30":29,"f:495:30:495:Infinity":39,"s:496:21:496:Infinity":66,"b:496:21:496:46:496:46:496:Infinity":30,"s:499:12:501:Infinity":67,"s:502:12:502:Infinity":68,"s:504:10:504:Infinity":69,"s:507:8:516:Infinity":70,"b:508:17:508:43:508:43:508:Infinity":31,"b:511:17:511:43:511:43:511:Infinity":32,"s:518:6:518:Infinity":71,"f:520:4:520:Infinity":40,"s:521:6:521:Infinity":72,"f:523:4:523:18":41,"s:523:28:523:Infinity":73,"f:524:4:524:21":42,"s:524:33:524:Infinity":74,"f:525:4:525:22":43,"s:525:36:525:Infinity":75,"f:526:4:526:28":44,"s:526:28:526:Infinity":76,"f:527:4:527:24":45,"s:527:38:527:Infinity":77,"f:528:4:528:30":46,"s:528:30:528:Infinity":78,"f:529:4:529:18":47,"s:529:28:529:Infinity":79,"f:530:4:530:33":48,"s:530:47:530:Infinity":80,"f:531:20:531:27":49,"s:532:6:532:Infinity":81,"f:534:4:534:21":50,"s:535:6:539:Infinity":82,"f:535:6:535:11":51,"s:536:21:536:Infinity":83,"b:536:21:536:40:536:40:536:Infinity":33,"b:537:8:537:Infinity:undefined:undefined:undefined:undefined":34,"s:537:8:537:Infinity":84,"f:537:17:537:23":52,"s:537:29:537:51":85,"s:537:54:537:Infinity":86,"s:538:8:538:Infinity":87,"f:540:4:540:24":53,"s:541:6:546:Infinity":88,"f:541:6:541:11":54,"s:542:21:542:Infinity":89,"b:542:21:542:40:542:40:542:Infinity":35,"s:543:8:545:Infinity":90,"b:544:12:544:Infinity:545:12:545:Infinity":36,"f:543:20:543:26":55,"s:543:32:543:54":91,"f:544:34:544:39":56,"s:544:46:544:81":92,"b:544:71:544:79:544:79:544:81":37,"f:547:4:547:24":57,"s:548:6:554:Infinity":93,"f:548:6:548:11":58,"s:549:21:549:Infinity":94,"b:549:21:549:40:549:40:549:Infinity":38,"s:550:25:552:Infinity":95,"f:550:30:550:Infinity":59,"s:551:17:551:Infinity":96,"b:551:17:551:59:551:59:551:Infinity":39,"b:551:19:551:38:551:38:551:59":40,"s:553:8:553:Infinity":97,"f:555:4:555:26":60,"s:556:6:560:Infinity":98,"f:556:6:556:11":61,"s:556:18:560:8":99,"b:557:24:557:43:557:43:557:47":41,"f:557:47:557:Infinity":62,"s:558:17:558:Infinity":100,"f:561:4:561:18":63,"s:561:28:561:Infinity":101,"f:562:4:562:21":64,"s:562:34:562:Infinity":102,"s:565:2:565:Infinity":103,"f:565:18:565:34":65,"s:565:44:565:59":104},"fnNames":{}}}
,"C:\\Users\\oscar.levin\\Documents\\dev\\pretext-plus-editor\\src\\store\\hooks.ts": {"path":"C:\\Users\\oscar.levin\\Documents\\dev\\pretext-plus-editor\\src\\store\\hooks.ts","statementMap":{"0":{"start":{"line":5,"column":13},"end":{"line":5,"column":null}},"1":{"start":{"line":9,"column":8},"end":{"line":9,"column":null}},"2":{"start":{"line":10,"column":2},"end":{"line":12,"column":null}},"3":{"start":{"line":11,"column":4},"end":{"line":11,"column":null}},"4":{"start":{"line":13,"column":2},"end":{"line":13,"column":null}}},"fnMap":{"0":{"name":"useEditorStore","decl":{"start":{"line":8,"column":16},"end":{"line":8,"column":34}},"loc":{"start":{"line":8,"column":79},"end":{"line":14,"column":null}},"line":8}},"branchMap":{"0":{"loc":{"start":{"line":10,"column":2},"end":{"line":12,"column":null}},"type":"if","locations":[{"start":{"line":10,"column":2},"end":{"line":12,"column":null}},{"start":{},"end":{}}],"line":10}},"s":{"0":0,"1":0,"2":0,"3":0,"4":0},"f":{"0":0},"b":{"0":[0,0]},"meta":{"lastBranch":1,"lastFunction":1,"lastStatement":5,"seen":{"s:5:13:5:Infinity":0,"f:8:16:8:34":0,"s:9:8:9:Infinity":1,"b:10:2:12:Infinity:undefined:undefined:undefined:undefined":0,"s:10:2:12:Infinity":2,"s:11:4:11:Infinity":3,"s:13:2:13:Infinity":4},"fnNames":{}}}
,"C:\\Users\\oscar.levin\\Documents\\dev\\pretext-plus-editor\\src\\types\\editor.ts": {"path":"C:\\Users\\oscar.levin\\Documents\\dev\\pretext-plus-editor\\src\\types\\editor.ts","statementMap":{},"fnMap":{},"branchMap":{},"s":{},"f":{},"b":{},"meta":{"lastBranch":0,"lastFunction":0,"lastStatement":0,"seen":{},"fnNames":{}}}
,"C:\\Users\\oscar.levin\\Documents\\dev\\pretext-plus-editor\\src\\types\\sections.ts": {"path":"C:\\Users\\oscar.levin\\Documents\\dev\\pretext-plus-editor\\src\\types\\sections.ts","statementMap":{},"fnMap":{},"branchMap":{},"s":{},"f":{},"b":{},"meta":{"lastBranch":0,"lastFunction":0,"lastStatement":0,"seen":{},"fnNames":{}}}
}
